{"/workspace/NutriCalc/src/App.jsx": {"path":"/workspace/NutriCalc/src/App.jsx","statementMap":{"0":{"start":{"line":19,"column":23},"end":{"line":34,"column":1}},"1":{"start":{"line":20,"column":33},"end":{"line":20,"column":43}},"2":{"start":{"line":21,"column":2},"end":{"line":33,"column":4}},"3":{"start":{"line":37,"column":19},"end":{"line":37,"column":21}},"4":{"start":{"line":38,"column":2},"end":{"line":53,"column":5}},"5":{"start":{"line":39,"column":15},"end":{"line":39,"column":96}},"6":{"start":{"line":40,"column":24},"end":{"line":40,"column":26}},"7":{"start":{"line":41,"column":4},"end":{"line":43,"column":7}},"8":{"start":{"line":42,"column":6},"end":{"line":42,"column":52}},"9":{"start":{"line":44,"column":4},"end":{"line":52,"column":6}},"10":{"start":{"line":54,"column":2},"end":{"line":54,"column":36}},"11":{"start":{"line":57,"column":18},"end":{"line":177,"column":1}},"12":{"start":{"line":58,"column":36},"end":{"line":58,"column":63}},"13":{"start":{"line":59,"column":54},"end":{"line":64,"column":4}},"14":{"start":{"line":60,"column":19},"end":{"line":60,"column":77}},"15":{"start":{"line":61,"column":21},"end":{"line":61,"column":23}},"16":{"start":{"line":62,"column":4},"end":{"line":62,"column":65}},"17":{"start":{"line":62,"column":10},"end":{"line":62,"column":54}},"18":{"start":{"line":62,"column":22},"end":{"line":62,"column":54}},"19":{"start":{"line":63,"column":4},"end":{"line":63,"column":74}},"20":{"start":{"line":65,"column":46},"end":{"line":76,"column":4}},"21":{"start":{"line":77,"column":21},"end":{"line":77,"column":32}},"22":{"start":{"line":78,"column":19},"end":{"line":78,"column":30}},"23":{"start":{"line":79,"column":36},"end":{"line":79,"column":51}},"24":{"start":{"line":80,"column":36},"end":{"line":80,"column":172}},"25":{"start":{"line":81,"column":25},"end":{"line":81,"column":35}},"26":{"start":{"line":82,"column":26},"end":{"line":86,"column":3}},"27":{"start":{"line":89,"column":36},"end":{"line":94,"column":3}},"28":{"start":{"line":90,"column":19},"end":{"line":90,"column":77}},"29":{"start":{"line":91,"column":21},"end":{"line":91,"column":23}},"30":{"start":{"line":92,"column":4},"end":{"line":92,"column":65}},"31":{"start":{"line":92,"column":10},"end":{"line":92,"column":54}},"32":{"start":{"line":92,"column":22},"end":{"line":92,"column":54}},"33":{"start":{"line":93,"column":4},"end":{"line":93,"column":90}},"34":{"start":{"line":97,"column":2},"end":{"line":103,"column":9}},"35":{"start":{"line":98,"column":20},"end":{"line":100,"column":5}},"36":{"start":{"line":99,"column":6},"end":{"line":99,"column":86}},"37":{"start":{"line":99,"column":58},"end":{"line":99,"column":86}},"38":{"start":{"line":101,"column":4},"end":{"line":101,"column":48}},"39":{"start":{"line":102,"column":4},"end":{"line":102,"column":64}},"40":{"start":{"line":102,"column":17},"end":{"line":102,"column":63}},"41":{"start":{"line":105,"column":23},"end":{"line":149,"column":3}},"42":{"start":{"line":106,"column":4},"end":{"line":109,"column":5}},"43":{"start":{"line":107,"column":6},"end":{"line":107,"column":42}},"44":{"start":{"line":108,"column":6},"end":{"line":108,"column":13}},"45":{"start":{"line":110,"column":4},"end":{"line":110,"column":23}},"46":{"start":{"line":111,"column":4},"end":{"line":111,"column":34}},"47":{"start":{"line":112,"column":4},"end":{"line":148,"column":5}},"48":{"start":{"line":113,"column":23},"end":{"line":126,"column":8}},"49":{"start":{"line":127,"column":6},"end":{"line":142,"column":7}},"50":{"start":{"line":128,"column":26},"end":{"line":128,"column":47}},"51":{"start":{"line":129,"column":25},"end":{"line":129,"column":85}},"52":{"start":{"line":130,"column":8},"end":{"line":130,"column":47}},"53":{"start":{"line":131,"column":8},"end":{"line":131,"column":59}},"54":{"start":{"line":133,"column":21},"end":{"line":133,"column":42}},"55":{"start":{"line":134,"column":8},"end":{"line":141,"column":9}},"56":{"start":{"line":135,"column":10},"end":{"line":135,"column":72}},"57":{"start":{"line":136,"column":15},"end":{"line":141,"column":9}},"58":{"start":{"line":137,"column":10},"end":{"line":137,"column":81}},"59":{"start":{"line":138,"column":10},"end":{"line":138,"column":94}},"60":{"start":{"line":140,"column":10},"end":{"line":140,"column":50}},"61":{"start":{"line":144,"column":6},"end":{"line":144,"column":57}},"62":{"start":{"line":145,"column":6},"end":{"line":145,"column":62}},"63":{"start":{"line":147,"column":6},"end":{"line":147,"column":26}},"64":{"start":{"line":151,"column":2},"end":{"line":176,"column":4}},"65":{"start":{"line":179,"column":12},"end":{"line":187,"column":1}},"66":{"start":{"line":180,"column":2},"end":{"line":186,"column":18}}},"fnMap":{"0":{"name":"(anonymous_0)","decl":{"start":{"line":19,"column":23},"end":{"line":19,"column":24}},"loc":{"start":{"line":19,"column":29},"end":{"line":34,"column":1}},"line":19},"1":{"name":"mergeFertilizerDatabases","decl":{"start":{"line":36,"column":9},"end":{"line":36,"column":33}},"loc":{"start":{"line":36,"column":54},"end":{"line":55,"column":1}},"line":36},"2":{"name":"(anonymous_2)","decl":{"start":{"line":38,"column":29},"end":{"line":38,"column":30}},"loc":{"start":{"line":38,"column":37},"end":{"line":53,"column":3}},"line":38},"3":{"name":"(anonymous_3)","decl":{"start":{"line":41,"column":51},"end":{"line":41,"column":52}},"loc":{"start":{"line":41,"column":63},"end":{"line":43,"column":5}},"line":41},"4":{"name":"(anonymous_4)","decl":{"start":{"line":57,"column":18},"end":{"line":57,"column":19}},"loc":{"start":{"line":57,"column":24},"end":{"line":177,"column":1}},"line":57},"5":{"name":"(anonymous_5)","decl":{"start":{"line":59,"column":63},"end":{"line":59,"column":64}},"loc":{"start":{"line":59,"column":69},"end":{"line":64,"column":3}},"line":59},"6":{"name":"(anonymous_6)","decl":{"start":{"line":89,"column":36},"end":{"line":89,"column":37}},"loc":{"start":{"line":89,"column":42},"end":{"line":94,"column":3}},"line":89},"7":{"name":"(anonymous_7)","decl":{"start":{"line":97,"column":18},"end":{"line":97,"column":19}},"loc":{"start":{"line":97,"column":24},"end":{"line":103,"column":3}},"line":97},"8":{"name":"(anonymous_8)","decl":{"start":{"line":98,"column":20},"end":{"line":98,"column":21}},"loc":{"start":{"line":98,"column":27},"end":{"line":100,"column":5}},"line":98},"9":{"name":"(anonymous_9)","decl":{"start":{"line":102,"column":11},"end":{"line":102,"column":12}},"loc":{"start":{"line":102,"column":17},"end":{"line":102,"column":63}},"line":102},"10":{"name":"(anonymous_10)","decl":{"start":{"line":105,"column":23},"end":{"line":105,"column":24}},"loc":{"start":{"line":105,"column":46},"end":{"line":149,"column":3}},"line":105},"11":{"name":"(anonymous_11)","decl":{"start":{"line":179,"column":12},"end":{"line":179,"column":13}},"loc":{"start":{"line":180,"column":2},"end":{"line":186,"column":18}},"line":180}},"branchMap":{"0":{"loc":{"start":{"line":27,"column":7},"end":{"line":31,"column":7}},"type":"cond-expr","locations":[{"start":{"line":28,"column":8},"end":{"line":28,"column":228}},{"start":{"line":30,"column":8},"end":{"line":30,"column":165}}],"line":27},"1":{"loc":{"start":{"line":38,"column":3},"end":{"line":38,"column":19}},"type":"binary-expr","locations":[{"start":{"line":38,"column":3},"end":{"line":38,"column":13}},{"start":{"line":38,"column":17},"end":{"line":38,"column":19}}],"line":38},"2":{"loc":{"start":{"line":39,"column":15},"end":{"line":39,"column":96}},"type":"binary-expr","locations":[{"start":{"line":39,"column":15},"end":{"line":39,"column":22}},{"start":{"line":39,"column":26},"end":{"line":39,"column":96}}],"line":39},"3":{"loc":{"start":{"line":41,"column":19},"end":{"line":41,"column":41}},"type":"binary-expr","locations":[{"start":{"line":41,"column":19},"end":{"line":41,"column":35}},{"start":{"line":41,"column":39},"end":{"line":41,"column":41}}],"line":41},"4":{"loc":{"start":{"line":42,"column":37},"end":{"line":42,"column":51}},"type":"binary-expr","locations":[{"start":{"line":42,"column":37},"end":{"line":42,"column":46}},{"start":{"line":42,"column":50},"end":{"line":42,"column":51}}],"line":42},"5":{"loc":{"start":{"line":48,"column":12},"end":{"line":48,"column":33}},"type":"binary-expr","locations":[{"start":{"line":48,"column":12},"end":{"line":48,"column":21}},{"start":{"line":48,"column":25},"end":{"line":48,"column":33}}],"line":48},"6":{"loc":{"start":{"line":49,"column":12},"end":{"line":49,"column":29}},"type":"binary-expr","locations":[{"start":{"line":49,"column":12},"end":{"line":49,"column":21}},{"start":{"line":49,"column":25},"end":{"line":49,"column":29}}],"line":49},"7":{"loc":{"start":{"line":51,"column":19},"end":{"line":51,"column":67}},"type":"binary-expr","locations":[{"start":{"line":51,"column":19},"end":{"line":51,"column":35}},{"start":{"line":51,"column":39},"end":{"line":51,"column":67}}],"line":51},"8":{"loc":{"start":{"line":62,"column":10},"end":{"line":62,"column":54}},"type":"if","locations":[{"start":{"line":62,"column":10},"end":{"line":62,"column":54}},{"start":{},"end":{}}],"line":62},"9":{"loc":{"start":{"line":92,"column":10},"end":{"line":92,"column":54}},"type":"if","locations":[{"start":{"line":92,"column":10},"end":{"line":92,"column":54}},{"start":{},"end":{}}],"line":92},"10":{"loc":{"start":{"line":99,"column":6},"end":{"line":99,"column":86}},"type":"if","locations":[{"start":{"line":99,"column":6},"end":{"line":99,"column":86}},{"start":{},"end":{}}],"line":99},"11":{"loc":{"start":{"line":106,"column":4},"end":{"line":109,"column":5}},"type":"if","locations":[{"start":{"line":106,"column":4},"end":{"line":109,"column":5}},{"start":{},"end":{}}],"line":106},"12":{"loc":{"start":{"line":127,"column":6},"end":{"line":142,"column":7}},"type":"if","locations":[{"start":{"line":127,"column":6},"end":{"line":142,"column":7}},{"start":{"line":132,"column":13},"end":{"line":142,"column":7}}],"line":127},"13":{"loc":{"start":{"line":129,"column":25},"end":{"line":129,"column":85}},"type":"binary-expr","locations":[{"start":{"line":129,"column":25},"end":{"line":129,"column":49}},{"start":{"line":129,"column":53},"end":{"line":129,"column":85}}],"line":129},"14":{"loc":{"start":{"line":134,"column":8},"end":{"line":141,"column":9}},"type":"if","locations":[{"start":{"line":134,"column":8},"end":{"line":141,"column":9}},{"start":{"line":136,"column":15},"end":{"line":141,"column":9}}],"line":134},"15":{"loc":{"start":{"line":136,"column":15},"end":{"line":141,"column":9}},"type":"if","locations":[{"start":{"line":136,"column":15},"end":{"line":141,"column":9}},{"start":{"line":139,"column":15},"end":{"line":141,"column":9}}],"line":136},"16":{"loc":{"start":{"line":166,"column":9},"end":{"line":166,"column":247}},"type":"binary-expr","locations":[{"start":{"line":166,"column":9},"end":{"line":166,"column":40}},{"start":{"line":166,"column":44},"end":{"line":166,"column":247}}],"line":166},"17":{"loc":{"start":{"line":167,"column":9},"end":{"line":167,"column":91}},"type":"binary-expr","locations":[{"start":{"line":167,"column":9},"end":{"line":167,"column":40}},{"start":{"line":167,"column":44},"end":{"line":167,"column":91}}],"line":167},"18":{"loc":{"start":{"line":168,"column":9},"end":{"line":168,"column":79}},"type":"binary-expr","locations":[{"start":{"line":168,"column":9},"end":{"line":168,"column":40}},{"start":{"line":168,"column":44},"end":{"line":168,"column":79}}],"line":168},"19":{"loc":{"start":{"line":169,"column":9},"end":{"line":169,"column":115}},"type":"binary-expr","locations":[{"start":{"line":169,"column":9},"end":{"line":169,"column":40}},{"start":{"line":169,"column":44},"end":{"line":169,"column":115}}],"line":169},"20":{"loc":{"start":{"line":170,"column":9},"end":{"line":170,"column":55}},"type":"binary-expr","locations":[{"start":{"line":170,"column":9},"end":{"line":170,"column":35}},{"start":{"line":170,"column":39},"end":{"line":170,"column":55}}],"line":170},"21":{"loc":{"start":{"line":171,"column":9},"end":{"line":171,"column":162}},"type":"binary-expr","locations":[{"start":{"line":171,"column":9},"end":{"line":171,"column":43}},{"start":{"line":171,"column":47},"end":{"line":171,"column":162}}],"line":171},"22":{"loc":{"start":{"line":172,"column":9},"end":{"line":172,"column":70}},"type":"binary-expr","locations":[{"start":{"line":172,"column":9},"end":{"line":172,"column":45}},{"start":{"line":172,"column":49},"end":{"line":172,"column":70}}],"line":172},"23":{"loc":{"start":{"line":173,"column":9},"end":{"line":173,"column":82}},"type":"binary-expr","locations":[{"start":{"line":173,"column":9},"end":{"line":173,"column":61}},{"start":{"line":173,"column":65},"end":{"line":173,"column":82}}],"line":173}},"s":{"0":0,"1":0,"2":0,"3":0,"4":0,"5":0,"6":0,"7":0,"8":0,"9":0,"10":0,"11":0,"12":0,"13":0,"14":0,"15":0,"16":0,"17":0,"18":0,"19":0,"20":0,"21":0,"22":0,"23":0,"24":0,"25":0,"26":0,"27":0,"28":0,"29":0,"30":0,"31":0,"32":0,"33":0,"34":0,"35":0,"36":0,"37":0,"38":0,"39":0,"40":0,"41":0,"42":0,"43":0,"44":0,"45":0,"46":0,"47":0,"48":0,"49":0,"50":0,"51":0,"52":0,"53":0,"54":0,"55":0,"56":0,"57":0,"58":0,"59":0,"60":0,"61":0,"62":0,"63":0,"64":0,"65":0,"66":0},"f":{"0":0,"1":0,"2":0,"3":0,"4":0,"5":0,"6":0,"7":0,"8":0,"9":0,"10":0,"11":0},"b":{"0":[0,0],"1":[0,0],"2":[0,0],"3":[0,0],"4":[0,0],"5":[0,0],"6":[0,0],"7":[0,0],"8":[0,0],"9":[0,0],"10":[0,0],"11":[0,0],"12":[0,0],"13":[0,0],"14":[0,0],"15":[0,0],"16":[0,0],"17":[0,0],"18":[0,0],"19":[0,0],"20":[0,0],"21":[0,0],"22":[0,0],"23":[0,0]}}
,"/workspace/NutriCalc/src/components/AnalysisTab.jsx": {"path":"/workspace/NutriCalc/src/components/AnalysisTab.jsx","statementMap":{"0":{"start":{"line":4,"column":20},"end":{"line":73,"column":1}},"1":{"start":{"line":6,"column":16},"end":{"line":6,"column":48}},"2":{"start":{"line":9,"column":19},"end":{"line":13,"column":4}},"3":{"start":{"line":10,"column":18},"end":{"line":10,"column":48}},"4":{"start":{"line":11,"column":18},"end":{"line":11,"column":34}},"5":{"start":{"line":12,"column":4},"end":{"line":12,"column":82}},"6":{"start":{"line":16,"column":15},"end":{"line":16,"column":17}},"7":{"start":{"line":17,"column":2},"end":{"line":21,"column":3}},"8":{"start":{"line":18,"column":4},"end":{"line":18,"column":110}},"9":{"start":{"line":20,"column":4},"end":{"line":20,"column":65}},"10":{"start":{"line":23,"column":2},"end":{"line":72,"column":4}},"11":{"start":{"line":38,"column":28},"end":{"line":38,"column":58}},"12":{"start":{"line":39,"column":28},"end":{"line":39,"column":44}},"13":{"start":{"line":40,"column":29},"end":{"line":40,"column":60}},"14":{"start":{"line":41,"column":14},"end":{"line":48,"column":16}},"15":{"start":{"line":60,"column":14},"end":{"line":60,"column":89}},"16":{"start":{"line":68,"column":34},"end":{"line":68,"column":58}}},"fnMap":{"0":{"name":"(anonymous_0)","decl":{"start":{"line":4,"column":20},"end":{"line":4,"column":21}},"loc":{"start":{"line":4,"column":180},"end":{"line":73,"column":1}},"line":4},"1":{"name":"(anonymous_1)","decl":{"start":{"line":9,"column":42},"end":{"line":9,"column":43}},"loc":{"start":{"line":9,"column":51},"end":{"line":13,"column":3}},"line":9},"2":{"name":"(anonymous_2)","decl":{"start":{"line":37,"column":33},"end":{"line":37,"column":34}},"loc":{"start":{"line":37,"column":42},"end":{"line":49,"column":13}},"line":37},"3":{"name":"(anonymous_3)","decl":{"start":{"line":59,"column":26},"end":{"line":59,"column":27}},"loc":{"start":{"line":60,"column":14},"end":{"line":60,"column":89}},"line":60},"4":{"name":"(anonymous_4)","decl":{"start":{"line":68,"column":20},"end":{"line":68,"column":21}},"loc":{"start":{"line":68,"column":34},"end":{"line":68,"column":58}},"line":68}},"branchMap":{"0":{"loc":{"start":{"line":6,"column":16},"end":{"line":6,"column":48}},"type":"binary-expr","locations":[{"start":{"line":6,"column":16},"end":{"line":6,"column":42}},{"start":{"line":6,"column":46},"end":{"line":6,"column":48}}],"line":6},"1":{"loc":{"start":{"line":12,"column":11},"end":{"line":12,"column":81}},"type":"binary-expr","locations":[{"start":{"line":12,"column":11},"end":{"line":12,"column":30}},{"start":{"line":12,"column":34},"end":{"line":12,"column":39}},{"start":{"line":12,"column":44},"end":{"line":12,"column":60}},{"start":{"line":12,"column":64},"end":{"line":12,"column":80}}],"line":12},"2":{"loc":{"start":{"line":17,"column":2},"end":{"line":21,"column":3}},"type":"if","locations":[{"start":{"line":17,"column":2},"end":{"line":21,"column":3}},{"start":{"line":19,"column":9},"end":{"line":21,"column":3}}],"line":17},"3":{"loc":{"start":{"line":44,"column":45},"end":{"line":44,"column":78}},"type":"cond-expr","locations":[{"start":{"line":44,"column":67},"end":{"line":44,"column":72}},{"start":{"line":44,"column":75},"end":{"line":44,"column":78}}],"line":44},"4":{"loc":{"start":{"line":45,"column":45},"end":{"line":45,"column":86}},"type":"cond-expr","locations":[{"start":{"line":45,"column":53},"end":{"line":45,"column":80}},{"start":{"line":45,"column":83},"end":{"line":45,"column":86}}],"line":45},"5":{"loc":{"start":{"line":46,"column":45},"end":{"line":46,"column":129}},"type":"cond-expr","locations":[{"start":{"line":46,"column":68},"end":{"line":46,"column":77}},{"start":{"line":46,"column":80},"end":{"line":46,"column":129}}],"line":46},"6":{"loc":{"start":{"line":46,"column":80},"end":{"line":46,"column":129}},"type":"cond-expr","locations":[{"start":{"line":46,"column":106},"end":{"line":46,"column":115}},{"start":{"line":46,"column":118},"end":{"line":46,"column":129}}],"line":46},"7":{"loc":{"start":{"line":55,"column":9},"end":{"line":63,"column":9}},"type":"cond-expr","locations":[{"start":{"line":56,"column":10},"end":{"line":56,"column":122}},{"start":{"line":58,"column":10},"end":{"line":62,"column":15}}],"line":55}},"s":{"0":0,"1":0,"2":0,"3":0,"4":0,"5":0,"6":0,"7":0,"8":0,"9":0,"10":0,"11":0,"12":0,"13":0,"14":0,"15":0,"16":0},"f":{"0":0,"1":0,"2":0,"3":0,"4":0},"b":{"0":[0,0],"1":[0,0,0,0],"2":[0,0],"3":[0,0],"4":[0,0],"5":[0,0],"6":[0,0],"7":[0,0]}}
,"/workspace/NutriCalc/src/components/Button.jsx": {"path":"/workspace/NutriCalc/src/components/Button.jsx","statementMap":{"0":{"start":{"line":9,"column":17},"end":{"line":13,"column":1}},"1":{"start":{"line":15,"column":15},"end":{"line":37,"column":1}},"2":{"start":{"line":25,"column":2},"end":{"line":36,"column":11}},"3":{"start":{"line":39,"column":0},"end":{"line":47,"column":2}}},"fnMap":{"0":{"name":"(anonymous_0)","decl":{"start":{"line":15,"column":15},"end":{"line":15,"column":16}},"loc":{"start":{"line":25,"column":2},"end":{"line":36,"column":11}},"line":25}},"branchMap":{"0":{"loc":{"start":{"line":17,"column":2},"end":{"line":17,"column":21}},"type":"default-arg","locations":[{"start":{"line":17,"column":12},"end":{"line":17,"column":21}}],"line":17},"1":{"loc":{"start":{"line":18,"column":2},"end":{"line":18,"column":19}},"type":"default-arg","locations":[{"start":{"line":18,"column":14},"end":{"line":18,"column":19}}],"line":18},"2":{"loc":{"start":{"line":19,"column":2},"end":{"line":19,"column":18}},"type":"default-arg","locations":[{"start":{"line":19,"column":13},"end":{"line":19,"column":18}}],"line":19},"3":{"loc":{"start":{"line":20,"column":2},"end":{"line":20,"column":17}},"type":"default-arg","locations":[{"start":{"line":20,"column":12},"end":{"line":20,"column":17}}],"line":20},"4":{"loc":{"start":{"line":21,"column":2},"end":{"line":21,"column":16}},"type":"default-arg","locations":[{"start":{"line":21,"column":14},"end":{"line":21,"column":16}}],"line":21},"5":{"loc":{"start":{"line":22,"column":2},"end":{"line":22,"column":17}},"type":"default-arg","locations":[{"start":{"line":22,"column":9},"end":{"line":22,"column":17}}],"line":22},"6":{"loc":{"start":{"line":27,"column":244},"end":{"line":27,"column":281}},"type":"binary-expr","locations":[{"start":{"line":27,"column":244},"end":{"line":27,"column":261}},{"start":{"line":27,"column":265},"end":{"line":27,"column":281}}],"line":27},"7":{"loc":{"start":{"line":27,"column":285},"end":{"line":27,"column":310}},"type":"cond-expr","locations":[{"start":{"line":27,"column":297},"end":{"line":27,"column":305}},{"start":{"line":27,"column":308},"end":{"line":27,"column":310}}],"line":27},"8":{"loc":{"start":{"line":28,"column":14},"end":{"line":28,"column":33}},"type":"binary-expr","locations":[{"start":{"line":28,"column":14},"end":{"line":28,"column":22}},{"start":{"line":28,"column":26},"end":{"line":28,"column":33}}],"line":28},"9":{"loc":{"start":{"line":32,"column":5},"end":{"line":34,"column":5}},"type":"binary-expr","locations":[{"start":{"line":32,"column":5},"end":{"line":32,"column":12}},{"start":{"line":33,"column":6},"end":{"line":33,"column":69}}],"line":32}},"s":{"0":0,"1":0,"2":0,"3":0},"f":{"0":0},"b":{"0":[0],"1":[0],"2":[0],"3":[0],"4":[0],"5":[0],"6":[0,0],"7":[0,0],"8":[0,0],"9":[0,0]}}
,"/workspace/NutriCalc/src/components/ChatBar.jsx": {"path":"/workspace/NutriCalc/src/components/ChatBar.jsx","statementMap":{"0":{"start":{"line":4,"column":16},"end":{"line":61,"column":1}},"1":{"start":{"line":5,"column":38},"end":{"line":5,"column":50}},"2":{"start":{"line":6,"column":19},"end":{"line":6,"column":31}},"3":{"start":{"line":8,"column":21},"end":{"line":13,"column":3}},"4":{"start":{"line":9,"column":4},"end":{"line":9,"column":23}},"5":{"start":{"line":10,"column":4},"end":{"line":10,"column":46}},"6":{"start":{"line":10,"column":39},"end":{"line":10,"column":46}},"7":{"start":{"line":11,"column":4},"end":{"line":11,"column":30}},"8":{"start":{"line":12,"column":4},"end":{"line":12,"column":22}},"9":{"start":{"line":15,"column":28},"end":{"line":18,"column":3}},"10":{"start":{"line":16,"column":4},"end":{"line":16,"column":30}},"11":{"start":{"line":17,"column":4},"end":{"line":17,"column":30}},"12":{"start":{"line":20,"column":2},"end":{"line":60,"column":4}},"13":{"start":{"line":35,"column":12},"end":{"line":35,"column":232}},"14":{"start":{"line":35,"column":43},"end":{"line":35,"column":63}},"15":{"start":{"line":44,"column":27},"end":{"line":44,"column":56}}},"fnMap":{"0":{"name":"(anonymous_0)","decl":{"start":{"line":4,"column":16},"end":{"line":4,"column":17}},"loc":{"start":{"line":4,"column":85},"end":{"line":61,"column":1}},"line":4},"1":{"name":"(anonymous_1)","decl":{"start":{"line":8,"column":21},"end":{"line":8,"column":22}},"loc":{"start":{"line":8,"column":28},"end":{"line":13,"column":3}},"line":8},"2":{"name":"(anonymous_2)","decl":{"start":{"line":15,"column":28},"end":{"line":15,"column":29}},"loc":{"start":{"line":15,"column":44},"end":{"line":18,"column":3}},"line":15},"3":{"name":"(anonymous_3)","decl":{"start":{"line":34,"column":27},"end":{"line":34,"column":28}},"loc":{"start":{"line":35,"column":12},"end":{"line":35,"column":232}},"line":35},"4":{"name":"(anonymous_4)","decl":{"start":{"line":35,"column":37},"end":{"line":35,"column":38}},"loc":{"start":{"line":35,"column":43},"end":{"line":35,"column":63}},"line":35},"5":{"name":"(anonymous_5)","decl":{"start":{"line":44,"column":20},"end":{"line":44,"column":21}},"loc":{"start":{"line":44,"column":27},"end":{"line":44,"column":56}},"line":44}},"branchMap":{"0":{"loc":{"start":{"line":4,"column":62},"end":{"line":4,"column":78}},"type":"default-arg","locations":[{"start":{"line":4,"column":76},"end":{"line":4,"column":78}}],"line":4},"1":{"loc":{"start":{"line":10,"column":4},"end":{"line":10,"column":46}},"type":"if","locations":[{"start":{"line":10,"column":4},"end":{"line":10,"column":46}},{"start":{},"end":{}}],"line":10},"2":{"loc":{"start":{"line":10,"column":8},"end":{"line":10,"column":37}},"type":"binary-expr","locations":[{"start":{"line":10,"column":8},"end":{"line":10,"column":26}},{"start":{"line":10,"column":30},"end":{"line":10,"column":37}}],"line":10},"3":{"loc":{"start":{"line":28,"column":11},"end":{"line":28,"column":88}},"type":"cond-expr","locations":[{"start":{"line":28,"column":23},"end":{"line":28,"column":83}},{"start":{"line":28,"column":86},"end":{"line":28,"column":88}}],"line":28},"4":{"loc":{"start":{"line":31,"column":7},"end":{"line":38,"column":7}},"type":"binary-expr","locations":[{"start":{"line":31,"column":7},"end":{"line":31,"column":17}},{"start":{"line":31,"column":21},"end":{"line":31,"column":35}},{"start":{"line":31,"column":39},"end":{"line":31,"column":61}},{"start":{"line":32,"column":8},"end":{"line":37,"column":14}}],"line":31},"5":{"loc":{"start":{"line":45,"column":23},"end":{"line":45,"column":83}},"type":"cond-expr","locations":[{"start":{"line":45,"column":33},"end":{"line":45,"column":48}},{"start":{"line":45,"column":51},"end":{"line":45,"column":83}}],"line":45},"6":{"loc":{"start":{"line":47,"column":20},"end":{"line":47,"column":40}},"type":"binary-expr","locations":[{"start":{"line":47,"column":20},"end":{"line":47,"column":29}},{"start":{"line":47,"column":33},"end":{"line":47,"column":40}}],"line":47},"7":{"loc":{"start":{"line":54,"column":20},"end":{"line":54,"column":62}},"type":"binary-expr","locations":[{"start":{"line":54,"column":20},"end":{"line":54,"column":29}},{"start":{"line":54,"column":33},"end":{"line":54,"column":51}},{"start":{"line":54,"column":55},"end":{"line":54,"column":62}}],"line":54},"8":{"loc":{"start":{"line":56,"column":11},"end":{"line":56,"column":76}},"type":"cond-expr","locations":[{"start":{"line":56,"column":23},"end":{"line":56,"column":65}},{"start":{"line":56,"column":68},"end":{"line":56,"column":76}}],"line":56}},"s":{"0":0,"1":0,"2":0,"3":0,"4":0,"5":0,"6":0,"7":0,"8":0,"9":0,"10":0,"11":0,"12":0,"13":0,"14":0,"15":0},"f":{"0":0,"1":0,"2":0,"3":0,"4":0,"5":0},"b":{"0":[0],"1":[0,0],"2":[0,0],"3":[0,0],"4":[0,0,0,0],"5":[0,0],"6":[0,0],"7":[0,0,0],"8":[0,0]}}
,"/workspace/NutriCalc/src/components/DetailsTab.jsx": {"path":"/workspace/NutriCalc/src/components/DetailsTab.jsx","statementMap":{"0":{"start":{"line":3,"column":23},"end":{"line":10,"column":1}},"1":{"start":{"line":11,"column":27},"end":{"line":13,"column":1}},"2":{"start":{"line":16,"column":2},"end":{"line":16,"column":78}},"3":{"start":{"line":16,"column":61},"end":{"line":16,"column":78}},"4":{"start":{"line":17,"column":21},"end":{"line":17,"column":26}},"5":{"start":{"line":18,"column":2},"end":{"line":18,"column":38}},"6":{"start":{"line":18,"column":25},"end":{"line":18,"column":38}},"7":{"start":{"line":19,"column":2},"end":{"line":19,"column":39}},"8":{"start":{"line":19,"column":25},"end":{"line":19,"column":39}},"9":{"start":{"line":20,"column":2},"end":{"line":20,"column":53}},"10":{"start":{"line":20,"column":36},"end":{"line":20,"column":53}},"11":{"start":{"line":21,"column":2},"end":{"line":21,"column":20}},"12":{"start":{"line":24,"column":2},"end":{"line":30,"column":3}},"13":{"start":{"line":25,"column":16},"end":{"line":25,"column":134}},"14":{"start":{"line":26,"column":17},"end":{"line":26,"column":129}},"15":{"start":{"line":27,"column":20},"end":{"line":27,"column":144}},"16":{"start":{"line":28,"column":21},"end":{"line":28,"column":151}},"17":{"start":{"line":29,"column":13},"end":{"line":29,"column":137}},"18":{"start":{"line":33,"column":19},"end":{"line":81,"column":1}},"19":{"start":{"line":34,"column":2},"end":{"line":80,"column":8}},"20":{"start":{"line":39,"column":24},"end":{"line":39,"column":60}},"21":{"start":{"line":40,"column":25},"end":{"line":40,"column":64}},"22":{"start":{"line":41,"column":10},"end":{"line":49,"column":12}},"23":{"start":{"line":57,"column":24},"end":{"line":57,"column":58}},"24":{"start":{"line":58,"column":25},"end":{"line":58,"column":62}},"25":{"start":{"line":59,"column":10},"end":{"line":67,"column":12}}},"fnMap":{"0":{"name":"getNutrientStatus","decl":{"start":{"line":15,"column":9},"end":{"line":15,"column":26}},"loc":{"start":{"line":15,"column":41},"end":{"line":22,"column":1}},"line":15},"1":{"name":"getStatusColor","decl":{"start":{"line":23,"column":9},"end":{"line":23,"column":23}},"loc":{"start":{"line":23,"column":32},"end":{"line":31,"column":1}},"line":23},"2":{"name":"(anonymous_2)","decl":{"start":{"line":33,"column":19},"end":{"line":33,"column":20}},"loc":{"start":{"line":34,"column":2},"end":{"line":80,"column":8}},"line":34},"3":{"name":"(anonymous_3)","decl":{"start":{"line":38,"column":28},"end":{"line":38,"column":29}},"loc":{"start":{"line":38,"column":37},"end":{"line":50,"column":9}},"line":38},"4":{"name":"(anonymous_4)","decl":{"start":{"line":56,"column":32},"end":{"line":56,"column":33}},"loc":{"start":{"line":56,"column":39},"end":{"line":68,"column":9}},"line":56}},"branchMap":{"0":{"loc":{"start":{"line":16,"column":2},"end":{"line":16,"column":78}},"type":"if","locations":[{"start":{"line":16,"column":2},"end":{"line":16,"column":78}},{"start":{},"end":{}}],"line":16},"1":{"loc":{"start":{"line":16,"column":6},"end":{"line":16,"column":59}},"type":"binary-expr","locations":[{"start":{"line":16,"column":6},"end":{"line":16,"column":12}},{"start":{"line":16,"column":16},"end":{"line":16,"column":37}},{"start":{"line":16,"column":41},"end":{"line":16,"column":59}}],"line":16},"2":{"loc":{"start":{"line":18,"column":2},"end":{"line":18,"column":38}},"type":"if","locations":[{"start":{"line":18,"column":2},"end":{"line":18,"column":38}},{"start":{},"end":{}}],"line":18},"3":{"loc":{"start":{"line":19,"column":2},"end":{"line":19,"column":39}},"type":"if","locations":[{"start":{"line":19,"column":2},"end":{"line":19,"column":39}},{"start":{},"end":{}}],"line":19},"4":{"loc":{"start":{"line":20,"column":2},"end":{"line":20,"column":53}},"type":"if","locations":[{"start":{"line":20,"column":2},"end":{"line":20,"column":53}},{"start":{},"end":{}}],"line":20},"5":{"loc":{"start":{"line":20,"column":6},"end":{"line":20,"column":34}},"type":"binary-expr","locations":[{"start":{"line":20,"column":6},"end":{"line":20,"column":18}},{"start":{"line":20,"column":22},"end":{"line":20,"column":34}}],"line":20},"6":{"loc":{"start":{"line":24,"column":2},"end":{"line":30,"column":3}},"type":"switch","locations":[{"start":{"line":25,"column":4},"end":{"line":25,"column":134}},{"start":{"line":26,"column":4},"end":{"line":26,"column":129}},{"start":{"line":27,"column":4},"end":{"line":27,"column":144}},{"start":{"line":28,"column":4},"end":{"line":28,"column":151}},{"start":{"line":29,"column":4},"end":{"line":29,"column":137}}],"line":24},"7":{"loc":{"start":{"line":39,"column":24},"end":{"line":39,"column":60}},"type":"binary-expr","locations":[{"start":{"line":39,"column":24},"end":{"line":39,"column":55}},{"start":{"line":39,"column":59},"end":{"line":39,"column":60}}],"line":39},"8":{"loc":{"start":{"line":57,"column":24},"end":{"line":57,"column":58}},"type":"binary-expr","locations":[{"start":{"line":57,"column":24},"end":{"line":57,"column":53}},{"start":{"line":57,"column":57},"end":{"line":57,"column":58}}],"line":57}},"s":{"0":0,"1":0,"2":0,"3":0,"4":0,"5":0,"6":0,"7":0,"8":0,"9":0,"10":0,"11":0,"12":0,"13":0,"14":0,"15":0,"16":0,"17":0,"18":0,"19":0,"20":0,"21":0,"22":0,"23":0,"24":0,"25":0},"f":{"0":0,"1":0,"2":0,"3":0,"4":0},"b":{"0":[0,0],"1":[0,0,0],"2":[0,0],"3":[0,0],"4":[0,0],"5":[0,0],"6":[0,0,0,0,0],"7":[0,0],"8":[0,0]}}
,"/workspace/NutriCalc/src/components/FertilizerManager.jsx": {"path":"/workspace/NutriCalc/src/components/FertilizerManager.jsx","statementMap":{"0":{"start":{"line":4,"column":26},"end":{"line":68,"column":1}},"1":{"start":{"line":13,"column":2},"end":{"line":67,"column":8}},"2":{"start":{"line":15,"column":23},"end":{"line":15,"column":50}},"3":{"start":{"line":16,"column":6},"end":{"line":16,"column":33}},"4":{"start":{"line":16,"column":21},"end":{"line":16,"column":33}},"5":{"start":{"line":17,"column":6},"end":{"line":54,"column":8}},"6":{"start":{"line":21,"column":104},"end":{"line":21,"column":129}},"7":{"start":{"line":31,"column":29},"end":{"line":31,"column":54}},"8":{"start":{"line":44,"column":31},"end":{"line":44,"column":78}},"9":{"start":{"line":57,"column":31},"end":{"line":57,"column":60}},"10":{"start":{"line":59,"column":67},"end":{"line":59,"column":95}},"11":{"start":{"line":60,"column":10},"end":{"line":63,"column":19}},"12":{"start":{"line":60,"column":88},"end":{"line":60,"column":100}}},"fnMap":{"0":{"name":"(anonymous_0)","decl":{"start":{"line":4,"column":26},"end":{"line":4,"column":27}},"loc":{"start":{"line":13,"column":2},"end":{"line":67,"column":8}},"line":13},"1":{"name":"(anonymous_1)","decl":{"start":{"line":14,"column":37},"end":{"line":14,"column":38}},"loc":{"start":{"line":14,"column":45},"end":{"line":55,"column":5}},"line":14},"2":{"name":"(anonymous_2)","decl":{"start":{"line":21,"column":98},"end":{"line":21,"column":99}},"loc":{"start":{"line":21,"column":104},"end":{"line":21,"column":129}},"line":21},"3":{"name":"(anonymous_3)","decl":{"start":{"line":31,"column":23},"end":{"line":31,"column":24}},"loc":{"start":{"line":31,"column":29},"end":{"line":31,"column":54}},"line":31},"4":{"name":"(anonymous_4)","decl":{"start":{"line":44,"column":24},"end":{"line":44,"column":25}},"loc":{"start":{"line":44,"column":31},"end":{"line":44,"column":78}},"line":44},"5":{"name":"(anonymous_5)","decl":{"start":{"line":57,"column":24},"end":{"line":57,"column":25}},"loc":{"start":{"line":57,"column":31},"end":{"line":57,"column":60}},"line":57},"6":{"name":"(anonymous_6)","decl":{"start":{"line":59,"column":49},"end":{"line":59,"column":50}},"loc":{"start":{"line":59,"column":67},"end":{"line":59,"column":95}},"line":59},"7":{"name":"(anonymous_7)","decl":{"start":{"line":59,"column":101},"end":{"line":59,"column":102}},"loc":{"start":{"line":60,"column":10},"end":{"line":63,"column":19}},"line":60},"8":{"name":"(anonymous_8)","decl":{"start":{"line":60,"column":83},"end":{"line":60,"column":84}},"loc":{"start":{"line":60,"column":88},"end":{"line":60,"column":100}},"line":60}},"branchMap":{"0":{"loc":{"start":{"line":14,"column":6},"end":{"line":14,"column":31}},"type":"binary-expr","locations":[{"start":{"line":14,"column":6},"end":{"line":14,"column":25}},{"start":{"line":14,"column":29},"end":{"line":14,"column":31}}],"line":14},"1":{"loc":{"start":{"line":16,"column":6},"end":{"line":16,"column":33}},"type":"if","locations":[{"start":{"line":16,"column":6},"end":{"line":16,"column":33}},{"start":{},"end":{}}],"line":16},"2":{"loc":{"start":{"line":18,"column":63},"end":{"line":18,"column":219}},"type":"cond-expr","locations":[{"start":{"line":18,"column":77},"end":{"line":18,"column":142}},{"start":{"line":18,"column":145},"end":{"line":18,"column":219}}],"line":18},"3":{"loc":{"start":{"line":24,"column":19},"end":{"line":26,"column":19}},"type":"binary-expr","locations":[{"start":{"line":24,"column":19},"end":{"line":24,"column":26}},{"start":{"line":24,"column":30},"end":{"line":24,"column":59}},{"start":{"line":25,"column":20},"end":{"line":25,"column":171}}],"line":24},"4":{"loc":{"start":{"line":48,"column":20},"end":{"line":48,"column":63}},"type":"cond-expr","locations":[{"start":{"line":48,"column":49},"end":{"line":48,"column":55}},{"start":{"line":48,"column":58},"end":{"line":48,"column":63}}],"line":48},"5":{"loc":{"start":{"line":51,"column":100},"end":{"line":51,"column":133}},"type":"cond-expr","locations":[{"start":{"line":51,"column":118},"end":{"line":51,"column":129}},{"start":{"line":51,"column":132},"end":{"line":51,"column":133}}],"line":51},"6":{"loc":{"start":{"line":60,"column":51},"end":{"line":60,"column":76}},"type":"binary-expr","locations":[{"start":{"line":60,"column":51},"end":{"line":60,"column":70}},{"start":{"line":60,"column":74},"end":{"line":60,"column":76}}],"line":60},"7":{"loc":{"start":{"line":62,"column":13},"end":{"line":62,"column":57}},"type":"cond-expr","locations":[{"start":{"line":62,"column":41},"end":{"line":62,"column":52}},{"start":{"line":62,"column":55},"end":{"line":62,"column":57}}],"line":62}},"s":{"0":0,"1":0,"2":0,"3":0,"4":0,"5":0,"6":0,"7":0,"8":0,"9":0,"10":0,"11":0,"12":0},"f":{"0":0,"1":0,"2":0,"3":0,"4":0,"5":0,"6":0,"7":0,"8":0},"b":{"0":[0,0],"1":[0,0],"2":[0,0],"3":[0,0,0],"4":[0,0],"5":[0,0],"6":[0,0],"7":[0,0]}}
,"/workspace/NutriCalc/src/components/FertilizerTab.jsx": {"path":"/workspace/NutriCalc/src/components/FertilizerTab.jsx","statementMap":{"0":{"start":{"line":6,"column":26},"end":{"line":13,"column":1}},"1":{"start":{"line":15,"column":35},"end":{"line":15,"column":110}},"2":{"start":{"line":15,"column":45},"end":{"line":15,"column":110}},"3":{"start":{"line":17,"column":22},"end":{"line":190,"column":1}},"4":{"start":{"line":18,"column":40},"end":{"line":18,"column":52}},"5":{"start":{"line":19,"column":26},"end":{"line":19,"column":53}},"6":{"start":{"line":20,"column":36},"end":{"line":20,"column":50}},"7":{"start":{"line":21,"column":19},"end":{"line":21,"column":30}},"8":{"start":{"line":23,"column":2},"end":{"line":26,"column":9}},"9":{"start":{"line":24,"column":19},"end":{"line":24,"column":77}},"10":{"start":{"line":25,"column":4},"end":{"line":25,"column":51}},"11":{"start":{"line":25,"column":16},"end":{"line":25,"column":51}},"12":{"start":{"line":28,"column":2},"end":{"line":31,"column":20}},"13":{"start":{"line":29,"column":4},"end":{"line":29,"column":92}},"14":{"start":{"line":30,"column":4},"end":{"line":30,"column":63}},"15":{"start":{"line":30,"column":35},"end":{"line":30,"column":63}},"16":{"start":{"line":33,"column":23},"end":{"line":40,"column":3}},"17":{"start":{"line":34,"column":28},"end":{"line":34,"column":36}},"18":{"start":{"line":35,"column":4},"end":{"line":39,"column":5}},"19":{"start":{"line":36,"column":6},"end":{"line":36,"column":80}},"20":{"start":{"line":38,"column":6},"end":{"line":38,"column":42}},"21":{"start":{"line":42,"column":23},"end":{"line":58,"column":3}},"22":{"start":{"line":43,"column":4},"end":{"line":43,"column":23}},"23":{"start":{"line":44,"column":27},"end":{"line":47,"column":5}},"24":{"start":{"line":46,"column":87},"end":{"line":46,"column":107}},"25":{"start":{"line":48,"column":4},"end":{"line":56,"column":5}},"26":{"start":{"line":49,"column":6},"end":{"line":49,"column":106}},"27":{"start":{"line":49,"column":42},"end":{"line":49,"column":103}},"28":{"start":{"line":50,"column":6},"end":{"line":50,"column":25}},"29":{"start":{"line":51,"column":6},"end":{"line":51,"column":60}},"30":{"start":{"line":53,"column":17},"end":{"line":53,"column":54}},"31":{"start":{"line":54,"column":6},"end":{"line":54,"column":66}},"32":{"start":{"line":55,"column":6},"end":{"line":55,"column":49}},"33":{"start":{"line":57,"column":4},"end":{"line":57,"column":31}},"34":{"start":{"line":60,"column":21},"end":{"line":66,"column":3}},"35":{"start":{"line":61,"column":17},"end":{"line":61,"column":51}},"36":{"start":{"line":61,"column":39},"end":{"line":61,"column":50}},"37":{"start":{"line":62,"column":4},"end":{"line":65,"column":5}},"38":{"start":{"line":63,"column":6},"end":{"line":63,"column":20}},"39":{"start":{"line":64,"column":6},"end":{"line":64,"column":23}},"40":{"start":{"line":68,"column":23},"end":{"line":75,"column":3}},"41":{"start":{"line":69,"column":4},"end":{"line":69,"column":57}},"42":{"start":{"line":69,"column":43},"end":{"line":69,"column":54}},"43":{"start":{"line":70,"column":4},"end":{"line":73,"column":5}},"44":{"start":{"line":71,"column":6},"end":{"line":71,"column":33}},"45":{"start":{"line":72,"column":6},"end":{"line":72,"column":25}},"46":{"start":{"line":74,"column":4},"end":{"line":74,"column":41}},"47":{"start":{"line":77,"column":2},"end":{"line":189,"column":4}},"48":{"start":{"line":167,"column":49},"end":{"line":167,"column":76}},"49":{"start":{"line":167,"column":77},"end":{"line":167,"column":96}},"50":{"start":{"line":177,"column":12},"end":{"line":184,"column":17}},"51":{"start":{"line":182,"column":37},"end":{"line":182,"column":56}},"52":{"start":{"line":183,"column":37},"end":{"line":183,"column":58}}},"fnMap":{"0":{"name":"(anonymous_0)","decl":{"start":{"line":15,"column":35},"end":{"line":15,"column":36}},"loc":{"start":{"line":15,"column":45},"end":{"line":15,"column":110}},"line":15},"1":{"name":"(anonymous_1)","decl":{"start":{"line":17,"column":22},"end":{"line":17,"column":23}},"loc":{"start":{"line":17,"column":57},"end":{"line":190,"column":1}},"line":17},"2":{"name":"(anonymous_2)","decl":{"start":{"line":23,"column":12},"end":{"line":23,"column":13}},"loc":{"start":{"line":23,"column":18},"end":{"line":26,"column":3}},"line":23},"3":{"name":"(anonymous_3)","decl":{"start":{"line":28,"column":12},"end":{"line":28,"column":13}},"loc":{"start":{"line":28,"column":18},"end":{"line":31,"column":3}},"line":28},"4":{"name":"(anonymous_4)","decl":{"start":{"line":33,"column":23},"end":{"line":33,"column":24}},"loc":{"start":{"line":33,"column":30},"end":{"line":40,"column":3}},"line":33},"5":{"name":"(anonymous_5)","decl":{"start":{"line":42,"column":23},"end":{"line":42,"column":24}},"loc":{"start":{"line":42,"column":30},"end":{"line":58,"column":3}},"line":42},"6":{"name":"(anonymous_6)","decl":{"start":{"line":46,"column":75},"end":{"line":46,"column":76}},"loc":{"start":{"line":46,"column":87},"end":{"line":46,"column":107}},"line":46},"7":{"name":"(anonymous_7)","decl":{"start":{"line":49,"column":37},"end":{"line":49,"column":38}},"loc":{"start":{"line":49,"column":42},"end":{"line":49,"column":103}},"line":49},"8":{"name":"(anonymous_8)","decl":{"start":{"line":60,"column":21},"end":{"line":60,"column":22}},"loc":{"start":{"line":60,"column":29},"end":{"line":66,"column":3}},"line":60},"9":{"name":"(anonymous_9)","decl":{"start":{"line":61,"column":34},"end":{"line":61,"column":35}},"loc":{"start":{"line":61,"column":39},"end":{"line":61,"column":50}},"line":61},"10":{"name":"(anonymous_10)","decl":{"start":{"line":68,"column":23},"end":{"line":68,"column":24}},"loc":{"start":{"line":68,"column":31},"end":{"line":75,"column":3}},"line":68},"11":{"name":"(anonymous_11)","decl":{"start":{"line":69,"column":38},"end":{"line":69,"column":39}},"loc":{"start":{"line":69,"column":43},"end":{"line":69,"column":54}},"line":69},"12":{"name":"(anonymous_12)","decl":{"start":{"line":167,"column":41},"end":{"line":167,"column":42}},"loc":{"start":{"line":167,"column":47},"end":{"line":167,"column":98}},"line":167},"13":{"name":"(anonymous_13)","decl":{"start":{"line":176,"column":27},"end":{"line":176,"column":28}},"loc":{"start":{"line":177,"column":12},"end":{"line":184,"column":17}},"line":177},"14":{"name":"(anonymous_14)","decl":{"start":{"line":182,"column":31},"end":{"line":182,"column":32}},"loc":{"start":{"line":182,"column":37},"end":{"line":182,"column":56}},"line":182},"15":{"name":"(anonymous_15)","decl":{"start":{"line":183,"column":31},"end":{"line":183,"column":32}},"loc":{"start":{"line":183,"column":37},"end":{"line":183,"column":58}},"line":183}},"branchMap":{"0":{"loc":{"start":{"line":25,"column":4},"end":{"line":25,"column":51}},"type":"if","locations":[{"start":{"line":25,"column":4},"end":{"line":25,"column":51}},{"start":{},"end":{}}],"line":25},"1":{"loc":{"start":{"line":30,"column":4},"end":{"line":30,"column":63}},"type":"if","locations":[{"start":{"line":30,"column":4},"end":{"line":30,"column":63}},{"start":{},"end":{}}],"line":30},"2":{"loc":{"start":{"line":35,"column":4},"end":{"line":39,"column":5}},"type":"if","locations":[{"start":{"line":35,"column":4},"end":{"line":39,"column":5}},{"start":{"line":37,"column":11},"end":{"line":39,"column":5}}],"line":35},"3":{"loc":{"start":{"line":48,"column":4},"end":{"line":56,"column":5}},"type":"if","locations":[{"start":{"line":48,"column":4},"end":{"line":56,"column":5}},{"start":{"line":52,"column":11},"end":{"line":56,"column":5}}],"line":48},"4":{"loc":{"start":{"line":49,"column":42},"end":{"line":49,"column":103}},"type":"cond-expr","locations":[{"start":{"line":49,"column":63},"end":{"line":49,"column":99}},{"start":{"line":49,"column":102},"end":{"line":49,"column":103}}],"line":49},"5":{"loc":{"start":{"line":62,"column":4},"end":{"line":65,"column":5}},"type":"if","locations":[{"start":{"line":62,"column":4},"end":{"line":65,"column":5}},{"start":{},"end":{}}],"line":62},"6":{"loc":{"start":{"line":70,"column":4},"end":{"line":73,"column":5}},"type":"if","locations":[{"start":{"line":70,"column":4},"end":{"line":73,"column":5}},{"start":{},"end":{}}],"line":70},"7":{"loc":{"start":{"line":163,"column":60},"end":{"line":163,"column":121}},"type":"cond-expr","locations":[{"start":{"line":163,"column":81},"end":{"line":163,"column":99}},{"start":{"line":163,"column":102},"end":{"line":163,"column":121}}],"line":163},"8":{"loc":{"start":{"line":163,"column":130},"end":{"line":163,"column":191}},"type":"cond-expr","locations":[{"start":{"line":163,"column":151},"end":{"line":163,"column":169}},{"start":{"line":163,"column":172},"end":{"line":163,"column":191}}],"line":163},"9":{"loc":{"start":{"line":164,"column":11},"end":{"line":164,"column":58}},"type":"cond-expr","locations":[{"start":{"line":164,"column":32},"end":{"line":164,"column":43}},{"start":{"line":164,"column":46},"end":{"line":164,"column":58}}],"line":164},"10":{"loc":{"start":{"line":166,"column":9},"end":{"line":170,"column":9}},"type":"binary-expr","locations":[{"start":{"line":166,"column":9},"end":{"line":166,"column":27}},{"start":{"line":167,"column":10},"end":{"line":169,"column":19}}],"line":166},"11":{"loc":{"start":{"line":175,"column":11},"end":{"line":175,"column":105}},"type":"binary-expr","locations":[{"start":{"line":175,"column":11},"end":{"line":175,"column":35}},{"start":{"line":175,"column":39},"end":{"line":175,"column":105}}],"line":175}},"s":{"0":0,"1":0,"2":0,"3":0,"4":0,"5":0,"6":0,"7":0,"8":0,"9":0,"10":0,"11":0,"12":0,"13":0,"14":0,"15":0,"16":0,"17":0,"18":0,"19":0,"20":0,"21":0,"22":0,"23":0,"24":0,"25":0,"26":0,"27":0,"28":0,"29":0,"30":0,"31":0,"32":0,"33":0,"34":0,"35":0,"36":0,"37":0,"38":0,"39":0,"40":0,"41":0,"42":0,"43":0,"44":0,"45":0,"46":0,"47":0,"48":0,"49":0,"50":0,"51":0,"52":0},"f":{"0":0,"1":0,"2":0,"3":0,"4":0,"5":0,"6":0,"7":0,"8":0,"9":0,"10":0,"11":0,"12":0,"13":0,"14":0,"15":0},"b":{"0":[0,0],"1":[0,0],"2":[0,0],"3":[0,0],"4":[0,0],"5":[0,0],"6":[0,0],"7":[0,0],"8":[0,0],"9":[0,0],"10":[0,0],"11":[0,0]}}
,"/workspace/NutriCalc/src/components/MixingAssistant.jsx": {"path":"/workspace/NutriCalc/src/components/MixingAssistant.jsx","statementMap":{"0":{"start":{"line":6,"column":24},"end":{"line":218,"column":1}},"1":{"start":{"line":8,"column":2},"end":{"line":10,"column":3}},"2":{"start":{"line":9,"column":4},"end":{"line":9,"column":124}},"3":{"start":{"line":13,"column":26},"end":{"line":13,"column":37}},"4":{"start":{"line":14,"column":40},"end":{"line":14,"column":52}},"5":{"start":{"line":15,"column":36},"end":{"line":15,"column":73}},"6":{"start":{"line":16,"column":40},"end":{"line":16,"column":79}},"7":{"start":{"line":17,"column":56},"end":{"line":17,"column":68}},"8":{"start":{"line":18,"column":48},"end":{"line":18,"column":129}},"9":{"start":{"line":20,"column":2},"end":{"line":36,"column":113}},"10":{"start":{"line":21,"column":20},"end":{"line":34,"column":6}},"11":{"start":{"line":35,"column":4},"end":{"line":35,"column":32}},"12":{"start":{"line":39,"column":24},"end":{"line":43,"column":3}},"13":{"start":{"line":40,"column":4},"end":{"line":40,"column":66}},"14":{"start":{"line":40,"column":45},"end":{"line":40,"column":56}},"15":{"start":{"line":40,"column":59},"end":{"line":40,"column":66}},"16":{"start":{"line":41,"column":17},"end":{"line":41,"column":39}},"17":{"start":{"line":42,"column":4},"end":{"line":42,"column":99}},"18":{"start":{"line":42,"column":35},"end":{"line":42,"column":97}},"19":{"start":{"line":44,"column":27},"end":{"line":46,"column":3}},"20":{"start":{"line":45,"column":4},"end":{"line":45,"column":66}},"21":{"start":{"line":45,"column":35},"end":{"line":45,"column":64}},"22":{"start":{"line":45,"column":52},"end":{"line":45,"column":63}},"23":{"start":{"line":47,"column":33},"end":{"line":50,"column":3}},"24":{"start":{"line":48,"column":19},"end":{"line":48,"column":36}},"25":{"start":{"line":49,"column":4},"end":{"line":49,"column":128}},"26":{"start":{"line":49,"column":35},"end":{"line":49,"column":126}},"27":{"start":{"line":49,"column":49},"end":{"line":49,"column":125}},"28":{"start":{"line":53,"column":21},"end":{"line":56,"column":20}},"29":{"start":{"line":54,"column":17},"end":{"line":54,"column":41}},"30":{"start":{"line":55,"column":4},"end":{"line":55,"column":105}},"31":{"start":{"line":59,"column":23},"end":{"line":76,"column":3}},"32":{"start":{"line":60,"column":17},"end":{"line":66,"column":5}},"33":{"start":{"line":67,"column":17},"end":{"line":67,"column":88}},"34":{"start":{"line":68,"column":16},"end":{"line":68,"column":41}},"35":{"start":{"line":69,"column":14},"end":{"line":69,"column":41}},"36":{"start":{"line":70,"column":4},"end":{"line":70,"column":17}},"37":{"start":{"line":71,"column":4},"end":{"line":71,"column":38}},"38":{"start":{"line":72,"column":4},"end":{"line":72,"column":33}},"39":{"start":{"line":73,"column":4},"end":{"line":73,"column":14}},"40":{"start":{"line":74,"column":4},"end":{"line":74,"column":33}},"41":{"start":{"line":75,"column":4},"end":{"line":75,"column":29}},"42":{"start":{"line":78,"column":2},"end":{"line":217,"column":4}},"43":{"start":{"line":103,"column":29},"end":{"line":103,"column":82}},"44":{"start":{"line":113,"column":29},"end":{"line":113,"column":57}},"45":{"start":{"line":117,"column":16},"end":{"line":117,"column":66}},"46":{"start":{"line":126,"column":29},"end":{"line":126,"column":59}},"47":{"start":{"line":130,"column":16},"end":{"line":130,"column":67}},"48":{"start":{"line":135,"column":35},"end":{"line":135,"column":45}},"49":{"start":{"line":146,"column":16},"end":{"line":148,"column":25}},"50":{"start":{"line":146,"column":68},"end":{"line":146,"column":85}},"51":{"start":{"line":146,"column":129},"end":{"line":146,"column":140}},"52":{"start":{"line":157,"column":29},"end":{"line":157,"column":53}},"53":{"start":{"line":158,"column":16},"end":{"line":172,"column":18}},"54":{"start":{"line":166,"column":37},"end":{"line":166,"column":81}},"55":{"start":{"line":170,"column":43},"end":{"line":170,"column":65}},"56":{"start":{"line":191,"column":35},"end":{"line":191,"column":45}},"57":{"start":{"line":192,"column":35},"end":{"line":192,"column":45}},"58":{"start":{"line":204,"column":16},"end":{"line":204,"column":105}},"59":{"start":{"line":211,"column":35},"end":{"line":211,"column":45}}},"fnMap":{"0":{"name":"(anonymous_0)","decl":{"start":{"line":6,"column":24},"end":{"line":6,"column":25}},"loc":{"start":{"line":6,"column":80},"end":{"line":218,"column":1}},"line":6},"1":{"name":"(anonymous_1)","decl":{"start":{"line":20,"column":12},"end":{"line":20,"column":13}},"loc":{"start":{"line":20,"column":18},"end":{"line":36,"column":3}},"line":20},"2":{"name":"(anonymous_2)","decl":{"start":{"line":39,"column":24},"end":{"line":39,"column":25}},"loc":{"start":{"line":39,"column":32},"end":{"line":43,"column":3}},"line":39},"3":{"name":"(anonymous_3)","decl":{"start":{"line":40,"column":40},"end":{"line":40,"column":41}},"loc":{"start":{"line":40,"column":45},"end":{"line":40,"column":56}},"line":40},"4":{"name":"(anonymous_4)","decl":{"start":{"line":42,"column":27},"end":{"line":42,"column":28}},"loc":{"start":{"line":42,"column":35},"end":{"line":42,"column":97}},"line":42},"5":{"name":"(anonymous_5)","decl":{"start":{"line":44,"column":27},"end":{"line":44,"column":28}},"loc":{"start":{"line":44,"column":35},"end":{"line":46,"column":3}},"line":44},"6":{"name":"(anonymous_6)","decl":{"start":{"line":45,"column":27},"end":{"line":45,"column":28}},"loc":{"start":{"line":45,"column":35},"end":{"line":45,"column":64}},"line":45},"7":{"name":"(anonymous_7)","decl":{"start":{"line":45,"column":47},"end":{"line":45,"column":48}},"loc":{"start":{"line":45,"column":52},"end":{"line":45,"column":63}},"line":45},"8":{"name":"(anonymous_8)","decl":{"start":{"line":47,"column":33},"end":{"line":47,"column":34}},"loc":{"start":{"line":47,"column":48},"end":{"line":50,"column":3}},"line":47},"9":{"name":"(anonymous_9)","decl":{"start":{"line":49,"column":27},"end":{"line":49,"column":28}},"loc":{"start":{"line":49,"column":35},"end":{"line":49,"column":126}},"line":49},"10":{"name":"(anonymous_10)","decl":{"start":{"line":49,"column":44},"end":{"line":49,"column":45}},"loc":{"start":{"line":49,"column":49},"end":{"line":49,"column":125}},"line":49},"11":{"name":"(anonymous_11)","decl":{"start":{"line":53,"column":45},"end":{"line":53,"column":46}},"loc":{"start":{"line":53,"column":50},"end":{"line":56,"column":3}},"line":53},"12":{"name":"(anonymous_12)","decl":{"start":{"line":59,"column":23},"end":{"line":59,"column":24}},"loc":{"start":{"line":59,"column":29},"end":{"line":76,"column":3}},"line":59},"13":{"name":"(anonymous_13)","decl":{"start":{"line":103,"column":24},"end":{"line":103,"column":25}},"loc":{"start":{"line":103,"column":29},"end":{"line":103,"column":82}},"line":103},"14":{"name":"(anonymous_14)","decl":{"start":{"line":113,"column":24},"end":{"line":113,"column":25}},"loc":{"start":{"line":113,"column":29},"end":{"line":113,"column":57}},"line":113},"15":{"name":"(anonymous_15)","decl":{"start":{"line":116,"column":47},"end":{"line":116,"column":48}},"loc":{"start":{"line":117,"column":16},"end":{"line":117,"column":66}},"line":117},"16":{"name":"(anonymous_16)","decl":{"start":{"line":126,"column":24},"end":{"line":126,"column":25}},"loc":{"start":{"line":126,"column":29},"end":{"line":126,"column":59}},"line":126},"17":{"name":"(anonymous_17)","decl":{"start":{"line":129,"column":49},"end":{"line":129,"column":50}},"loc":{"start":{"line":130,"column":16},"end":{"line":130,"column":67}},"line":130},"18":{"name":"(anonymous_18)","decl":{"start":{"line":135,"column":29},"end":{"line":135,"column":30}},"loc":{"start":{"line":135,"column":35},"end":{"line":135,"column":45}},"line":135},"19":{"name":"(anonymous_19)","decl":{"start":{"line":145,"column":54},"end":{"line":145,"column":55}},"loc":{"start":{"line":146,"column":16},"end":{"line":148,"column":25}},"line":146},"20":{"name":"(anonymous_20)","decl":{"start":{"line":146,"column":62},"end":{"line":146,"column":63}},"loc":{"start":{"line":146,"column":68},"end":{"line":146,"column":85}},"line":146},"21":{"name":"(anonymous_21)","decl":{"start":{"line":146,"column":124},"end":{"line":146,"column":125}},"loc":{"start":{"line":146,"column":129},"end":{"line":146,"column":140}},"line":146},"22":{"name":"(anonymous_22)","decl":{"start":{"line":156,"column":39},"end":{"line":156,"column":40}},"loc":{"start":{"line":156,"column":44},"end":{"line":173,"column":15}},"line":156},"23":{"name":"(anonymous_23)","decl":{"start":{"line":166,"column":32},"end":{"line":166,"column":33}},"loc":{"start":{"line":166,"column":37},"end":{"line":166,"column":81}},"line":166},"24":{"name":"(anonymous_24)","decl":{"start":{"line":170,"column":37},"end":{"line":170,"column":38}},"loc":{"start":{"line":170,"column":43},"end":{"line":170,"column":65}},"line":170},"25":{"name":"(anonymous_25)","decl":{"start":{"line":191,"column":29},"end":{"line":191,"column":30}},"loc":{"start":{"line":191,"column":35},"end":{"line":191,"column":45}},"line":191},"26":{"name":"(anonymous_26)","decl":{"start":{"line":192,"column":29},"end":{"line":192,"column":30}},"loc":{"start":{"line":192,"column":35},"end":{"line":192,"column":45}},"line":192},"27":{"name":"(anonymous_27)","decl":{"start":{"line":203,"column":30},"end":{"line":203,"column":31}},"loc":{"start":{"line":204,"column":16},"end":{"line":204,"column":105}},"line":204},"28":{"name":"(anonymous_28)","decl":{"start":{"line":211,"column":29},"end":{"line":211,"column":30}},"loc":{"start":{"line":211,"column":35},"end":{"line":211,"column":45}},"line":211}},"branchMap":{"0":{"loc":{"start":{"line":8,"column":2},"end":{"line":10,"column":3}},"type":"if","locations":[{"start":{"line":8,"column":2},"end":{"line":10,"column":3}},{"start":{},"end":{}}],"line":8},"1":{"loc":{"start":{"line":8,"column":6},"end":{"line":8,"column":59}},"type":"binary-expr","locations":[{"start":{"line":8,"column":6},"end":{"line":8,"column":25}},{"start":{"line":8,"column":29},"end":{"line":8,"column":43}},{"start":{"line":8,"column":47},"end":{"line":8,"column":59}}],"line":8},"2":{"loc":{"start":{"line":40,"column":4},"end":{"line":40,"column":66}},"type":"if","locations":[{"start":{"line":40,"column":4},"end":{"line":40,"column":66}},{"start":{},"end":{}}],"line":40},"3":{"loc":{"start":{"line":40,"column":8},"end":{"line":40,"column":57}},"type":"binary-expr","locations":[{"start":{"line":40,"column":8},"end":{"line":40,"column":11}},{"start":{"line":40,"column":15},"end":{"line":40,"column":57}}],"line":40},"4":{"loc":{"start":{"line":42,"column":59},"end":{"line":42,"column":94}},"type":"cond-expr","locations":[{"start":{"line":42,"column":85},"end":{"line":42,"column":88}},{"start":{"line":42,"column":91},"end":{"line":42,"column":94}}],"line":42},"5":{"loc":{"start":{"line":49,"column":49},"end":{"line":49,"column":125}},"type":"cond-expr","locations":[{"start":{"line":49,"column":63},"end":{"line":49,"column":121}},{"start":{"line":49,"column":124},"end":{"line":49,"column":125}}],"line":49},"6":{"loc":{"start":{"line":49,"column":79},"end":{"line":49,"column":119}},"type":"cond-expr","locations":[{"start":{"line":49,"column":109},"end":{"line":49,"column":110}},{"start":{"line":49,"column":113},"end":{"line":49,"column":119}}],"line":49},"7":{"loc":{"start":{"line":49,"column":79},"end":{"line":49,"column":106}},"type":"binary-expr","locations":[{"start":{"line":49,"column":79},"end":{"line":49,"column":92}},{"start":{"line":49,"column":96},"end":{"line":49,"column":106}}],"line":49},"8":{"loc":{"start":{"line":55,"column":11},"end":{"line":55,"column":104}},"type":"cond-expr","locations":[{"start":{"line":55,"column":18},"end":{"line":55,"column":99}},{"start":{"line":55,"column":102},"end":{"line":55,"column":104}}],"line":55},"9":{"loc":{"start":{"line":55,"column":47},"end":{"line":55,"column":97}},"type":"binary-expr","locations":[{"start":{"line":55,"column":47},"end":{"line":55,"column":56}},{"start":{"line":55,"column":61},"end":{"line":55,"column":96}}],"line":55},"10":{"loc":{"start":{"line":55,"column":61},"end":{"line":55,"column":96}},"type":"cond-expr","locations":[{"start":{"line":55,"column":86},"end":{"line":55,"column":89}},{"start":{"line":55,"column":92},"end":{"line":55,"column":96}}],"line":55},"11":{"loc":{"start":{"line":83,"column":81},"end":{"line":83,"column":188}},"type":"cond-expr","locations":[{"start":{"line":83,"column":94},"end":{"line":83,"column":118}},{"start":{"line":83,"column":121},"end":{"line":83,"column":188}}],"line":83},"12":{"loc":{"start":{"line":86,"column":81},"end":{"line":86,"column":188}},"type":"cond-expr","locations":[{"start":{"line":86,"column":94},"end":{"line":86,"column":118}},{"start":{"line":86,"column":121},"end":{"line":86,"column":188}}],"line":86},"13":{"loc":{"start":{"line":89,"column":81},"end":{"line":89,"column":188}},"type":"cond-expr","locations":[{"start":{"line":89,"column":94},"end":{"line":89,"column":118}},{"start":{"line":89,"column":121},"end":{"line":89,"column":188}}],"line":89},"14":{"loc":{"start":{"line":93,"column":7},"end":{"line":138,"column":7}},"type":"binary-expr","locations":[{"start":{"line":93,"column":7},"end":{"line":93,"column":17}},{"start":{"line":94,"column":8},"end":{"line":137,"column":14}}],"line":93},"15":{"loc":{"start":{"line":140,"column":7},"end":{"line":195,"column":7}},"type":"binary-expr","locations":[{"start":{"line":140,"column":7},"end":{"line":140,"column":17}},{"start":{"line":141,"column":8},"end":{"line":194,"column":14}}],"line":140},"16":{"loc":{"start":{"line":155,"column":15},"end":{"line":155,"column":116}},"type":"binary-expr","locations":[{"start":{"line":155,"column":15},"end":{"line":155,"column":47}},{"start":{"line":155,"column":51},"end":{"line":155,"column":116}}],"line":155},"17":{"loc":{"start":{"line":160,"column":46},"end":{"line":160,"column":64}},"type":"binary-expr","locations":[{"start":{"line":160,"column":46},"end":{"line":160,"column":56}},{"start":{"line":160,"column":60},"end":{"line":160,"column":64}}],"line":160},"18":{"loc":{"start":{"line":169,"column":47},"end":{"line":169,"column":99}},"type":"binary-expr","locations":[{"start":{"line":169,"column":47},"end":{"line":169,"column":57}},{"start":{"line":169,"column":62},"end":{"line":169,"column":98}}],"line":169},"19":{"loc":{"start":{"line":169,"column":62},"end":{"line":169,"column":98}},"type":"cond-expr","locations":[{"start":{"line":169,"column":88},"end":{"line":169,"column":91}},{"start":{"line":169,"column":94},"end":{"line":169,"column":98}}],"line":169},"20":{"loc":{"start":{"line":197,"column":7},"end":{"line":215,"column":7}},"type":"binary-expr","locations":[{"start":{"line":197,"column":7},"end":{"line":197,"column":17}},{"start":{"line":198,"column":8},"end":{"line":214,"column":14}}],"line":197},"21":{"loc":{"start":{"line":202,"column":84},"end":{"line":202,"column":125}},"type":"binary-expr","locations":[{"start":{"line":202,"column":84},"end":{"line":202,"column":112}},{"start":{"line":202,"column":116},"end":{"line":202,"column":125}}],"line":202}},"s":{"0":0,"1":0,"2":0,"3":0,"4":0,"5":0,"6":0,"7":0,"8":0,"9":0,"10":0,"11":0,"12":0,"13":0,"14":0,"15":0,"16":0,"17":0,"18":0,"19":0,"20":0,"21":0,"22":0,"23":0,"24":0,"25":0,"26":0,"27":0,"28":0,"29":0,"30":0,"31":0,"32":0,"33":0,"34":0,"35":0,"36":0,"37":0,"38":0,"39":0,"40":0,"41":0,"42":0,"43":0,"44":0,"45":0,"46":0,"47":0,"48":0,"49":0,"50":0,"51":0,"52":0,"53":0,"54":0,"55":0,"56":0,"57":0,"58":0,"59":0},"f":{"0":0,"1":0,"2":0,"3":0,"4":0,"5":0,"6":0,"7":0,"8":0,"9":0,"10":0,"11":0,"12":0,"13":0,"14":0,"15":0,"16":0,"17":0,"18":0,"19":0,"20":0,"21":0,"22":0,"23":0,"24":0,"25":0,"26":0,"27":0,"28":0},"b":{"0":[0,0],"1":[0,0,0],"2":[0,0],"3":[0,0],"4":[0,0],"5":[0,0],"6":[0,0],"7":[0,0],"8":[0,0],"9":[0,0],"10":[0,0],"11":[0,0],"12":[0,0],"13":[0,0],"14":[0,0],"15":[0,0],"16":[0,0],"17":[0,0],"18":[0,0],"19":[0,0],"20":[0,0],"21":[0,0]}}
,"/workspace/NutriCalc/src/components/Navigation.jsx": {"path":"/workspace/NutriCalc/src/components/Navigation.jsx","statementMap":{"0":{"start":{"line":5,"column":17},"end":{"line":24,"column":1}},"1":{"start":{"line":28,"column":2},"end":{"line":28,"column":163}},"2":{"start":{"line":31,"column":19},"end":{"line":102,"column":1}},"3":{"start":{"line":32,"column":18},"end":{"line":32,"column":28}},"4":{"start":{"line":35,"column":24},"end":{"line":51,"column":3}},"5":{"start":{"line":36,"column":4},"end":{"line":50,"column":5}},"6":{"start":{"line":37,"column":6},"end":{"line":37,"column":25}},"7":{"start":{"line":38,"column":19},"end":{"line":38,"column":49}},"8":{"start":{"line":39,"column":6},"end":{"line":39,"column":37}},"9":{"start":{"line":40,"column":11},"end":{"line":50,"column":5}},"10":{"start":{"line":41,"column":6},"end":{"line":41,"column":25}},"11":{"start":{"line":42,"column":19},"end":{"line":42,"column":70}},"12":{"start":{"line":43,"column":6},"end":{"line":43,"column":37}},"13":{"start":{"line":44,"column":11},"end":{"line":50,"column":5}},"14":{"start":{"line":45,"column":6},"end":{"line":45,"column":25}},"15":{"start":{"line":46,"column":6},"end":{"line":46,"column":34}},"16":{"start":{"line":47,"column":11},"end":{"line":50,"column":5}},"17":{"start":{"line":48,"column":6},"end":{"line":48,"column":25}},"18":{"start":{"line":49,"column":6},"end":{"line":49,"column":55}},"19":{"start":{"line":55,"column":2},"end":{"line":101,"column":4}},"20":{"start":{"line":62,"column":12},"end":{"line":75,"column":21}},"21":{"start":{"line":64,"column":25},"end":{"line":64,"column":50}},"22":{"start":{"line":69,"column":29},"end":{"line":69,"column":49}},"23":{"start":{"line":70,"column":30},"end":{"line":70,"column":51}},"24":{"start":{"line":83,"column":12},"end":{"line":96,"column":21}},"25":{"start":{"line":85,"column":25},"end":{"line":85,"column":50}},"26":{"start":{"line":90,"column":29},"end":{"line":90,"column":49}},"27":{"start":{"line":91,"column":30},"end":{"line":91,"column":51}}},"fnMap":{"0":{"name":"getTabIcon","decl":{"start":{"line":26,"column":9},"end":{"line":26,"column":19}},"loc":{"start":{"line":26,"column":27},"end":{"line":29,"column":1}},"line":26},"1":{"name":"(anonymous_1)","decl":{"start":{"line":31,"column":19},"end":{"line":31,"column":20}},"loc":{"start":{"line":31,"column":52},"end":{"line":102,"column":1}},"line":31},"2":{"name":"(anonymous_2)","decl":{"start":{"line":35,"column":24},"end":{"line":35,"column":25}},"loc":{"start":{"line":35,"column":36},"end":{"line":51,"column":3}},"line":35},"3":{"name":"(anonymous_3)","decl":{"start":{"line":61,"column":27},"end":{"line":61,"column":28}},"loc":{"start":{"line":62,"column":12},"end":{"line":75,"column":21}},"line":62},"4":{"name":"(anonymous_4)","decl":{"start":{"line":64,"column":19},"end":{"line":64,"column":20}},"loc":{"start":{"line":64,"column":25},"end":{"line":64,"column":50}},"line":64},"5":{"name":"(anonymous_5)","decl":{"start":{"line":69,"column":23},"end":{"line":69,"column":24}},"loc":{"start":{"line":69,"column":29},"end":{"line":69,"column":49}},"line":69},"6":{"name":"(anonymous_6)","decl":{"start":{"line":70,"column":25},"end":{"line":70,"column":26}},"loc":{"start":{"line":70,"column":30},"end":{"line":70,"column":51}},"line":70},"7":{"name":"(anonymous_7)","decl":{"start":{"line":82,"column":27},"end":{"line":82,"column":28}},"loc":{"start":{"line":83,"column":12},"end":{"line":96,"column":21}},"line":83},"8":{"name":"(anonymous_8)","decl":{"start":{"line":85,"column":19},"end":{"line":85,"column":20}},"loc":{"start":{"line":85,"column":25},"end":{"line":85,"column":50}},"line":85},"9":{"name":"(anonymous_9)","decl":{"start":{"line":90,"column":23},"end":{"line":90,"column":24}},"loc":{"start":{"line":90,"column":29},"end":{"line":90,"column":49}},"line":90},"10":{"name":"(anonymous_10)","decl":{"start":{"line":91,"column":25},"end":{"line":91,"column":26}},"loc":{"start":{"line":91,"column":30},"end":{"line":91,"column":51}},"line":91}},"branchMap":{"0":{"loc":{"start":{"line":28,"column":9},"end":{"line":28,"column":162}},"type":"binary-expr","locations":[{"start":{"line":28,"column":9},"end":{"line":28,"column":24}},{"start":{"line":28,"column":28},"end":{"line":28,"column":162}}],"line":28},"1":{"loc":{"start":{"line":36,"column":4},"end":{"line":50,"column":5}},"type":"if","locations":[{"start":{"line":36,"column":4},"end":{"line":50,"column":5}},{"start":{"line":40,"column":11},"end":{"line":50,"column":5}}],"line":36},"2":{"loc":{"start":{"line":40,"column":11},"end":{"line":50,"column":5}},"type":"if","locations":[{"start":{"line":40,"column":11},"end":{"line":50,"column":5}},{"start":{"line":44,"column":11},"end":{"line":50,"column":5}}],"line":40},"3":{"loc":{"start":{"line":44,"column":11},"end":{"line":50,"column":5}},"type":"if","locations":[{"start":{"line":44,"column":11},"end":{"line":50,"column":5}},{"start":{"line":47,"column":11},"end":{"line":50,"column":5}}],"line":44},"4":{"loc":{"start":{"line":47,"column":11},"end":{"line":50,"column":5}},"type":"if","locations":[{"start":{"line":47,"column":11},"end":{"line":50,"column":5}},{"start":{},"end":{}}],"line":47},"5":{"loc":{"start":{"line":67,"column":24},"end":{"line":67,"column":53}},"type":"cond-expr","locations":[{"start":{"line":67,"column":47},"end":{"line":67,"column":48}},{"start":{"line":67,"column":51},"end":{"line":67,"column":53}}],"line":67},"6":{"loc":{"start":{"line":68,"column":163},"end":{"line":68,"column":331}},"type":"cond-expr","locations":[{"start":{"line":68,"column":186},"end":{"line":68,"column":249}},{"start":{"line":68,"column":252},"end":{"line":68,"column":331}}],"line":68},"7":{"loc":{"start":{"line":88,"column":24},"end":{"line":88,"column":53}},"type":"cond-expr","locations":[{"start":{"line":88,"column":47},"end":{"line":88,"column":48}},{"start":{"line":88,"column":51},"end":{"line":88,"column":53}}],"line":88},"8":{"loc":{"start":{"line":89,"column":144},"end":{"line":89,"column":285}},"type":"cond-expr","locations":[{"start":{"line":89,"column":167},"end":{"line":89,"column":201}},{"start":{"line":89,"column":204},"end":{"line":89,"column":285}}],"line":89}},"s":{"0":0,"1":0,"2":0,"3":0,"4":0,"5":0,"6":0,"7":0,"8":0,"9":0,"10":0,"11":0,"12":0,"13":0,"14":0,"15":0,"16":0,"17":0,"18":0,"19":0,"20":0,"21":0,"22":0,"23":0,"24":0,"25":0,"26":0,"27":0},"f":{"0":0,"1":0,"2":0,"3":0,"4":0,"5":0,"6":0,"7":0,"8":0,"9":0,"10":0},"b":{"0":[0,0],"1":[0,0],"2":[0,0],"3":[0,0],"4":[0,0],"5":[0,0],"6":[0,0],"7":[0,0],"8":[0,0]}}
,"/workspace/NutriCalc/src/components/NutrientBarChart.jsx": {"path":"/workspace/NutriCalc/src/components/NutrientBarChart.jsx","statementMap":{"0":{"start":{"line":11,"column":25},"end":{"line":68,"column":1}},"1":{"start":{"line":12,"column":2},"end":{"line":67,"column":4}},"2":{"start":{"line":15,"column":22},"end":{"line":15,"column":47}},"3":{"start":{"line":16,"column":22},"end":{"line":16,"column":38}},"4":{"start":{"line":17,"column":23},"end":{"line":17,"column":54}},"5":{"start":{"line":19,"column":10},"end":{"line":23,"column":26}},"6":{"start":{"line":24,"column":22},"end":{"line":24,"column":54}},"7":{"start":{"line":25,"column":22},"end":{"line":25,"column":55}},"8":{"start":{"line":26,"column":8},"end":{"line":64,"column":10}}},"fnMap":{"0":{"name":"(anonymous_0)","decl":{"start":{"line":11,"column":25},"end":{"line":11,"column":26}},"loc":{"start":{"line":11,"column":74},"end":{"line":68,"column":1}},"line":11},"1":{"name":"(anonymous_1)","decl":{"start":{"line":14,"column":18},"end":{"line":14,"column":19}},"loc":{"start":{"line":14,"column":27},"end":{"line":65,"column":7}},"line":14}},"branchMap":{"0":{"loc":{"start":{"line":11,"column":28},"end":{"line":11,"column":42}},"type":"default-arg","locations":[{"start":{"line":11,"column":40},"end":{"line":11,"column":42}}],"line":11},"1":{"loc":{"start":{"line":11,"column":44},"end":{"line":11,"column":54}},"type":"default-arg","locations":[{"start":{"line":11,"column":52},"end":{"line":11,"column":54}}],"line":11},"2":{"loc":{"start":{"line":11,"column":56},"end":{"line":11,"column":67}},"type":"default-arg","locations":[{"start":{"line":11,"column":65},"end":{"line":11,"column":67}}],"line":11},"3":{"loc":{"start":{"line":15,"column":22},"end":{"line":15,"column":47}},"type":"binary-expr","locations":[{"start":{"line":15,"column":22},"end":{"line":15,"column":42}},{"start":{"line":15,"column":46},"end":{"line":15,"column":47}}],"line":15},"4":{"loc":{"start":{"line":19,"column":10},"end":{"line":23,"column":26}},"type":"cond-expr","locations":[{"start":{"line":20,"column":14},"end":{"line":20,"column":28}},{"start":{"line":21,"column":14},"end":{"line":23,"column":26}}],"line":19},"5":{"loc":{"start":{"line":21,"column":14},"end":{"line":23,"column":26}},"type":"cond-expr","locations":[{"start":{"line":22,"column":14},"end":{"line":22,"column":29}},{"start":{"line":23,"column":14},"end":{"line":23,"column":26}}],"line":21},"6":{"loc":{"start":{"line":32,"column":17},"end":{"line":32,"column":51}},"type":"cond-expr","locations":[{"start":{"line":32,"column":30},"end":{"line":32,"column":46}},{"start":{"line":32,"column":49},"end":{"line":32,"column":51}}],"line":32},"7":{"loc":{"start":{"line":33,"column":17},"end":{"line":35,"column":24}},"type":"cond-expr","locations":[{"start":{"line":34,"column":18},"end":{"line":34,"column":114}},{"start":{"line":35,"column":20},"end":{"line":35,"column":24}}],"line":33},"8":{"loc":{"start":{"line":41,"column":55},"end":{"line":41,"column":79}},"type":"cond-expr","locations":[{"start":{"line":41,"column":67},"end":{"line":41,"column":75}},{"start":{"line":41,"column":78},"end":{"line":41,"column":79}}],"line":41},"9":{"loc":{"start":{"line":43,"column":31},"end":{"line":43,"column":51}},"type":"cond-expr","locations":[{"start":{"line":43,"column":39},"end":{"line":43,"column":47}},{"start":{"line":43,"column":50},"end":{"line":43,"column":51}}],"line":43},"10":{"loc":{"start":{"line":44,"column":31},"end":{"line":44,"column":59}},"type":"cond-expr","locations":[{"start":{"line":44,"column":39},"end":{"line":44,"column":53}},{"start":{"line":44,"column":56},"end":{"line":44,"column":59}}],"line":44},"11":{"loc":{"start":{"line":48,"column":15},"end":{"line":54,"column":15}},"type":"binary-expr","locations":[{"start":{"line":48,"column":15},"end":{"line":48,"column":20}},{"start":{"line":49,"column":16},"end":{"line":53,"column":18}}],"line":48},"12":{"loc":{"start":{"line":55,"column":15},"end":{"line":61,"column":15}},"type":"binary-expr","locations":[{"start":{"line":55,"column":15},"end":{"line":55,"column":20}},{"start":{"line":56,"column":16},"end":{"line":60,"column":18}}],"line":55}},"s":{"0":0,"1":0,"2":0,"3":0,"4":0,"5":0,"6":0,"7":0,"8":0},"f":{"0":0,"1":0},"b":{"0":[0],"1":[0],"2":[0],"3":[0,0],"4":[0,0],"5":[0,0],"6":[0,0],"7":[0,0],"8":[0,0],"9":[0,0],"10":[0,0],"11":[0,0],"12":[0,0]}}
,"/workspace/NutriCalc/src/components/ReferencesTab.jsx": {"path":"/workspace/NutriCalc/src/components/ReferencesTab.jsx","statementMap":{"0":{"start":{"line":3,"column":22},"end":{"line":49,"column":1}},"1":{"start":{"line":4,"column":2},"end":{"line":48,"column":4}}},"fnMap":{"0":{"name":"(anonymous_0)","decl":{"start":{"line":3,"column":22},"end":{"line":3,"column":23}},"loc":{"start":{"line":3,"column":28},"end":{"line":49,"column":1}},"line":3}},"branchMap":{},"s":{"0":0,"1":0},"f":{"0":0},"b":{}}
,"/workspace/NutriCalc/src/components/SettingsPage.jsx": {"path":"/workspace/NutriCalc/src/components/SettingsPage.jsx","statementMap":{"0":{"start":{"line":8,"column":21},"end":{"line":124,"column":1}},"1":{"start":{"line":9,"column":49},"end":{"line":9,"column":60}},"2":{"start":{"line":10,"column":38},"end":{"line":10,"column":66}},"3":{"start":{"line":11,"column":38},"end":{"line":11,"column":54}},"4":{"start":{"line":12,"column":33},"end":{"line":12,"column":43}},"5":{"start":{"line":14,"column":27},"end":{"line":16,"column":3}},"6":{"start":{"line":15,"column":4},"end":{"line":15,"column":36}},"7":{"start":{"line":18,"column":29},"end":{"line":21,"column":3}},"8":{"start":{"line":19,"column":4},"end":{"line":19,"column":19}},"9":{"start":{"line":20,"column":4},"end":{"line":20,"column":22}},"10":{"start":{"line":23,"column":27},"end":{"line":25,"column":3}},"11":{"start":{"line":24,"column":4},"end":{"line":24,"column":42}},"12":{"start":{"line":27,"column":41},"end":{"line":29,"column":3}},"13":{"start":{"line":28,"column":4},"end":{"line":28,"column":49}},"14":{"start":{"line":31,"column":41},"end":{"line":33,"column":3}},"15":{"start":{"line":32,"column":4},"end":{"line":32,"column":49}},"16":{"start":{"line":35,"column":39},"end":{"line":37,"column":3}},"17":{"start":{"line":36,"column":4},"end":{"line":36,"column":47}},"18":{"start":{"line":39,"column":2},"end":{"line":123,"column":4}},"19":{"start":{"line":49,"column":25},"end":{"line":49,"column":54}},"20":{"start":{"line":95,"column":12},"end":{"line":95,"column":80}},"21":{"start":{"line":110,"column":12},"end":{"line":110,"column":77}}},"fnMap":{"0":{"name":"(anonymous_0)","decl":{"start":{"line":8,"column":21},"end":{"line":8,"column":22}},"loc":{"start":{"line":8,"column":27},"end":{"line":124,"column":1}},"line":8},"1":{"name":"(anonymous_1)","decl":{"start":{"line":14,"column":27},"end":{"line":14,"column":28}},"loc":{"start":{"line":14,"column":33},"end":{"line":16,"column":3}},"line":14},"2":{"name":"(anonymous_2)","decl":{"start":{"line":18,"column":29},"end":{"line":18,"column":30}},"loc":{"start":{"line":18,"column":35},"end":{"line":21,"column":3}},"line":18},"3":{"name":"(anonymous_3)","decl":{"start":{"line":23,"column":27},"end":{"line":23,"column":28}},"loc":{"start":{"line":23,"column":34},"end":{"line":25,"column":3}},"line":23},"4":{"name":"(anonymous_4)","decl":{"start":{"line":27,"column":41},"end":{"line":27,"column":42}},"loc":{"start":{"line":27,"column":48},"end":{"line":29,"column":3}},"line":27},"5":{"name":"(anonymous_5)","decl":{"start":{"line":31,"column":41},"end":{"line":31,"column":42}},"loc":{"start":{"line":31,"column":48},"end":{"line":33,"column":3}},"line":31},"6":{"name":"(anonymous_6)","decl":{"start":{"line":35,"column":39},"end":{"line":35,"column":40}},"loc":{"start":{"line":35,"column":46},"end":{"line":37,"column":3}},"line":35},"7":{"name":"(anonymous_7)","decl":{"start":{"line":49,"column":20},"end":{"line":49,"column":21}},"loc":{"start":{"line":49,"column":25},"end":{"line":49,"column":54}},"line":49},"8":{"name":"(anonymous_8)","decl":{"start":{"line":94,"column":29},"end":{"line":94,"column":30}},"loc":{"start":{"line":95,"column":12},"end":{"line":95,"column":80}},"line":95},"9":{"name":"(anonymous_9)","decl":{"start":{"line":109,"column":27},"end":{"line":109,"column":28}},"loc":{"start":{"line":110,"column":12},"end":{"line":110,"column":77}},"line":110}},"branchMap":{"0":{"loc":{"start":{"line":10,"column":53},"end":{"line":10,"column":65}},"type":"binary-expr","locations":[{"start":{"line":10,"column":53},"end":{"line":10,"column":59}},{"start":{"line":10,"column":63},"end":{"line":10,"column":65}}],"line":10},"1":{"loc":{"start":{"line":118,"column":11},"end":{"line":118,"column":59}},"type":"cond-expr","locations":[{"start":{"line":118,"column":30},"end":{"line":118,"column":44}},{"start":{"line":118,"column":47},"end":{"line":118,"column":59}}],"line":118},"2":{"loc":{"start":{"line":120,"column":59},"end":{"line":120,"column":95}},"type":"cond-expr","locations":[{"start":{"line":120,"column":78},"end":{"line":120,"column":86}},{"start":{"line":120,"column":89},"end":{"line":120,"column":95}}],"line":120}},"s":{"0":0,"1":0,"2":0,"3":0,"4":0,"5":0,"6":0,"7":0,"8":0,"9":0,"10":0,"11":0,"12":0,"13":0,"14":0,"15":0,"16":0,"17":0,"18":0,"19":0,"20":0,"21":0},"f":{"0":0,"1":0,"2":0,"3":0,"4":0,"5":0,"6":0,"7":0,"8":0,"9":0},"b":{"0":[0,0],"1":[0,0],"2":[0,0]}}
[...]
:{"line":15,"column":9},"end":{"line":33,"column":3}}],"line":9},"2":{"loc":{"start":{"line":11,"column":25},"end":{"line":11,"column":51}},"type":"binary-expr","locations":[{"start":{"line":11,"column":25},"end":{"line":11,"column":46}},{"start":{"line":11,"column":50},"end":{"line":11,"column":51}}],"line":11},"3":{"loc":{"start":{"line":13,"column":16},"end":{"line":13,"column":34}},"type":"binary-expr","locations":[{"start":{"line":13,"column":16},"end":{"line":13,"column":29}},{"start":{"line":13,"column":33},"end":{"line":13,"column":34}}],"line":13},"4":{"loc":{"start":{"line":14,"column":13},"end":{"line":14,"column":31}},"type":"binary-expr","locations":[{"start":{"line":14,"column":13},"end":{"line":14,"column":26}},{"start":{"line":14,"column":30},"end":{"line":14,"column":31}}],"line":14},"5":{"loc":{"start":{"line":15,"column":9},"end":{"line":33,"column":3}},"type":"if","locations":[{"start":{"line":15,"column":9},"end":{"line":33,"column":3}},{"start":{"line":28,"column":9},"end":{"line":33,"column":3}}],"line":15},"6":{"loc":{"start":{"line":17,"column":10},"end":{"line":17,"column":36}},"type":"binary-expr","locations":[{"start":{"line":17,"column":10},"end":{"line":17,"column":31}},{"start":{"line":17,"column":35},"end":{"line":17,"column":36}}],"line":17},"7":{"loc":{"start":{"line":18,"column":10},"end":{"line":18,"column":36}},"type":"binary-expr","locations":[{"start":{"line":18,"column":10},"end":{"line":18,"column":31}},{"start":{"line":18,"column":35},"end":{"line":18,"column":36}}],"line":18},"8":{"loc":{"start":{"line":19,"column":9},"end":{"line":19,"column":34}},"type":"binary-expr","locations":[{"start":{"line":19,"column":9},"end":{"line":19,"column":29}},{"start":{"line":19,"column":33},"end":{"line":19,"column":34}}],"line":19},"9":{"loc":{"start":{"line":20,"column":10},"end":{"line":20,"column":36}},"type":"binary-expr","locations":[{"start":{"line":20,"column":10},"end":{"line":20,"column":31}},{"start":{"line":20,"column":35},"end":{"line":20,"column":36}}],"line":20},"10":{"loc":{"start":{"line":21,"column":10},"end":{"line":21,"column":36}},"type":"binary-expr","locations":[{"start":{"line":21,"column":10},"end":{"line":21,"column":31}},{"start":{"line":21,"column":35},"end":{"line":21,"column":36}}],"line":21},"11":{"loc":{"start":{"line":22,"column":11},"end":{"line":22,"column":38}},"type":"binary-expr","locations":[{"start":{"line":22,"column":11},"end":{"line":22,"column":33}},{"start":{"line":22,"column":37},"end":{"line":22,"column":38}}],"line":22},"12":{"loc":{"start":{"line":23,"column":11},"end":{"line":23,"column":38}},"type":"binary-expr","locations":[{"start":{"line":23,"column":11},"end":{"line":23,"column":33}},{"start":{"line":23,"column":37},"end":{"line":23,"column":38}}],"line":23},"13":{"loc":{"start":{"line":24,"column":11},"end":{"line":24,"column":38}},"type":"binary-expr","locations":[{"start":{"line":24,"column":11},"end":{"line":24,"column":33}},{"start":{"line":24,"column":37},"end":{"line":24,"column":38}}],"line":24},"14":{"loc":{"start":{"line":26,"column":16},"end":{"line":26,"column":46}},"type":"binary-expr","locations":[{"start":{"line":26,"column":16},"end":{"line":26,"column":41}},{"start":{"line":26,"column":45},"end":{"line":26,"column":46}}],"line":26},"15":{"loc":{"start":{"line":27,"column":13},"end":{"line":27,"column":39}},"type":"binary-expr","locations":[{"start":{"line":27,"column":13},"end":{"line":27,"column":34}},{"start":{"line":27,"column":38},"end":{"line":27,"column":39}}],"line":27},"16":{"loc":{"start":{"line":30,"column":18},"end":{"line":30,"column":32}},"type":"binary-expr","locations":[{"start":{"line":30,"column":18},"end":{"line":30,"column":27}},{"start":{"line":30,"column":31},"end":{"line":30,"column":32}}],"line":30},"17":{"loc":{"start":{"line":30,"column":38},"end":{"line":30,"column":52}},"type":"binary-expr","locations":[{"start":{"line":30,"column":38},"end":{"line":30,"column":47}},{"start":{"line":30,"column":51},"end":{"line":30,"column":52}}],"line":30},"18":{"loc":{"start":{"line":30,"column":57},"end":{"line":30,"column":70}},"type":"binary-expr","locations":[{"start":{"line":30,"column":57},"end":{"line":30,"column":65}},{"start":{"line":30,"column":69},"end":{"line":30,"column":70}}],"line":30},"19":{"loc":{"start":{"line":31,"column":16},"end":{"line":31,"column":63}},"type":"cond-expr","locations":[{"start":{"line":31,"column":46},"end":{"line":31,"column":59}},{"start":{"line":31,"column":62},"end":{"line":31,"column":63}}],"line":31},"20":{"loc":{"start":{"line":32,"column":13},"end":{"line":32,"column":27}},"type":"binary-expr","locations":[{"start":{"line":32,"column":13},"end":{"line":32,"column":22}},{"start":{"line":32,"column":26},"end":{"line":32,"column":27}}],"line":32},"21":{"loc":{"start":{"line":38,"column":20},"end":{"line":38,"column":41}},"type":"binary-expr","locations":[{"start":{"line":38,"column":20},"end":{"line":38,"column":36}},{"start":{"line":38,"column":40},"end":{"line":38,"column":41}}],"line":38},"22":{"loc":{"start":{"line":45,"column":3},"end":{"line":45,"column":28}},"type":"binary-expr","locations":[{"start":{"line":45,"column":3},"end":{"line":45,"column":22}},{"start":{"line":45,"column":26},"end":{"line":45,"column":28}}],"line":45},"23":{"loc":{"start":{"line":46,"column":4},"end":{"line":46,"column":74}},"type":"if","locations":[{"start":{"line":46,"column":4},"end":{"line":46,"column":74}},{"start":{},"end":{}}],"line":46},"24":{"loc":{"start":{"line":46,"column":8},"end":{"line":46,"column":65}},"type":"binary-expr","locations":[{"start":{"line":46,"column":8},"end":{"line":46,"column":20}},{"start":{"line":46,"column":24},"end":{"line":46,"column":36}},{"start":{"line":46,"column":40},"end":{"line":46,"column":65}}],"line":46},"25":{"loc":{"start":{"line":48,"column":4},"end":{"line":48,"column":33}},"type":"if","locations":[{"start":{"line":48,"column":4},"end":{"line":48,"column":33}},{"start":{},"end":{}}],"line":48},"26":{"loc":{"start":{"line":52,"column":17},"end":{"line":52,"column":48}},"type":"binary-expr","locations":[{"start":{"line":52,"column":17},"end":{"line":52,"column":43}},{"start":{"line":52,"column":47},"end":{"line":52,"column":48}}],"line":52},"27":{"loc":{"start":{"line":53,"column":6},"end":{"line":53,"column":79}},"type":"if","locations":[{"start":{"line":53,"column":6},"end":{"line":53,"column":79}},{"start":{},"end":{}}],"line":53},"28":{"loc":{"start":{"line":53,"column":10},"end":{"line":53,"column":70}},"type":"binary-expr","locations":[{"start":{"line":53,"column":10},"end":{"line":53,"column":18}},{"start":{"line":53,"column":22},"end":{"line":53,"column":70}}],"line":53},"29":{"loc":{"start":{"line":54,"column":18},"end":{"line":54,"column":97}},"type":"cond-expr","locations":[{"start":{"line":54,"column":43},"end":{"line":54,"column":71}},{"start":{"line":54,"column":74},"end":{"line":54,"column":97}}],"line":54},"30":{"loc":{"start":{"line":56,"column":16},"end":{"line":56,"column":27}},"type":"binary-expr","locations":[{"start":{"line":56,"column":16},"end":{"line":56,"column":22}},{"start":{"line":56,"column":26},"end":{"line":56,"column":27}}],"line":56},"31":{"loc":{"start":{"line":62,"column":6},"end":{"line":62,"column":15}},"type":"binary-expr","locations":[{"start":{"line":62,"column":6},"end":{"line":62,"column":10}},{"start":{"line":62,"column":14},"end":{"line":62,"column":15}}],"line":62},"32":{"loc":{"start":{"line":62,"column":20},"end":{"line":62,"column":32}},"type":"binary-expr","locations":[{"start":{"line":62,"column":20},"end":{"line":62,"column":27}},{"start":{"line":62,"column":31},"end":{"line":62,"column":32}}],"line":62},"33":{"loc":{"start":{"line":63,"column":6},"end":{"line":63,"column":15}},"type":"binary-expr","locations":[{"start":{"line":63,"column":6},"end":{"line":63,"column":10}},{"start":{"line":63,"column":14},"end":{"line":63,"column":15}}],"line":63},"34":{"loc":{"start":{"line":63,"column":20},"end":{"line":63,"column":32}},"type":"binary-expr","locations":[{"start":{"line":63,"column":20},"end":{"line":63,"column":27}},{"start":{"line":63,"column":31},"end":{"line":63,"column":32}}],"line":63},"35":{"loc":{"start":{"line":64,"column":6},"end":{"line":64,"column":15}},"type":"binary-expr","locations":[{"start":{"line":64,"column":6},"end":{"line":64,"column":10}},{"start":{"line":64,"column":14},"end":{"line":64,"column":15}}],"line":64},"36":{"loc":{"start":{"line":64,"column":20},"end":{"line":64,"column":32}},"type":"binary-expr","locations":[{"start":{"line":64,"column":20},"end":{"line":64,"column":27}},{"start":{"line":64,"column":31},"end":{"line":64,"column":32}}],"line":64},"37":{"loc":{"start":{"line":65,"column":6},"end":{"line":65,"column":16}},"type":"binary-expr","locations":[{"start":{"line":65,"column":6},"end":{"line":65,"column":11}},{"start":{"line":65,"column":15},"end":{"line":65,"column":16}}],"line":65},"38":{"loc":{"start":{"line":66,"column":6},"end":{"line":66,"column":16}},"type":"binary-expr","locations":[{"start":{"line":66,"column":6},"end":{"line":66,"column":11}},{"start":{"line":66,"column":15},"end":{"line":66,"column":16}}],"line":66},"39":{"loc":{"start":{"line":67,"column":6},"end":{"line":67,"column":15}},"type":"binary-expr","locations":[{"start":{"line":67,"column":6},"end":{"line":67,"column":10}},{"start":{"line":67,"column":14},"end":{"line":67,"column":15}}],"line":67},"40":{"loc":{"start":{"line":73,"column":4},"end":{"line":73,"column":32}},"type":"if","locations":[{"start":{"line":73,"column":4},"end":{"line":73,"column":32}},{"start":{},"end":{}}],"line":73}},"s":{"0":4,"1":0,"2":4,"3":4,"4":4,"5":4,"6":0,"7":0,"8":0,"9":0,"10":4,"11":0,"12":0,"13":0,"14":4,"15":4,"16":4,"17":4,"18":4,"19":52,"20":52,"21":4,"22":52,"23":4,"24":4,"25":4,"26":4,"27":4,"28":5,"29":1,"30":4,"31":4,"32":0,"33":4,"34":4,"35":4,"36":48,"37":48,"38":312,"39":0,"40":48,"41":48,"42":48,"43":4,"44":4,"45":4,"46":4,"47":56,"48":56,"49":0,"50":4,"51":0},"f":{"0":4,"1":0,"2":52,"3":52,"4":5,"5":48,"6":312,"7":56,"8":0},"b":{"0":[0,4],"1":[0,4],"2":[0,0],"3":[0,0],"4":[0,0],"5":[0,4],"6":[0,0],"7":[0,0],"8":[0,0],"9":[0,0],"10":[0,0],"11":[0,0],"12":[0,0],"13":[0,0],"14":[0,0],"15":[0,0],"16":[4,4],"17":[4,4],"18":[4,4],"19":[0,4],"20":[4,4],"21":[52,52],"22":[4,0],"23":[1,4],"24":[5,4,4],"25":[0,4],"26":[48,0],"27":[0,48],"28":[48,48],"29":[0,48],"30":[48,36],"31":[4,1],"32":[4,4],"33":[4,1],"34":[4,4],"35":[4,1],"36":[4,4],"37":[4,1],"38":[4,1],"39":[4,1],"40":[0,56]},"_coverageSchema":"1a1c01bbd47fc00a2c39e90264f33305004495a9","hash":"ef66c316563c81561dcb80c74aa0d8b766328454"}
,"/workspace/NutriCalc/src/utils/nutrientUtils.js": {"path":"/workspace/NutriCalc/src/utils/nutrientUtils.js","statementMap":{"0":{"start":{"line":2,"column":33},"end":{"line":6,"column":1}},"1":{"start":{"line":3,"column":2},"end":{"line":3,"column":78}},"2":{"start":{"line":3,"column":61},"end":{"line":3,"column":78}},"3":{"start":{"line":4,"column":2},"end":{"line":4,"column":63}},"4":{"start":{"line":4,"column":46},"end":{"line":4,"column":63}},"5":{"start":{"line":5,"column":2},"end":{"line":5,"column":22}},"6":{"start":{"line":9,"column":30},"end":{"line":18,"column":1}},"7":{"start":{"line":10,"column":2},"end":{"line":17,"column":3}},"8":{"start":{"line":12,"column":6},"end":{"line":12,"column":84}},"9":{"start":{"line":14,"column":6},"end":{"line":14,"column":88}},"10":{"start":{"line":16,"column":6},"end":{"line":16,"column":84}},"11":{"start":{"line":21,"column":35},"end":{"line":25,"column":1}},"12":{"start":{"line":22,"column":2},"end":{"line":22,"column":88}},"13":{"start":{"line":22,"column":79},"end":{"line":22,"column":88}},"14":{"start":{"line":23,"column":20},"end":{"line":23,"column":34}},"15":{"start":{"line":24,"column":2},"end":{"line":24,"column":50}},"16":{"start":{"line":28,"column":46},"end":{"line":47,"column":1}},"17":{"start":{"line":29,"column":24},"end":{"line":29,"column":26}},"18":{"start":{"line":30,"column":20},"end":{"line":30,"column":22}},"19":{"start":{"line":32,"column":2},"end":{"line":44,"column":5}},"20":{"start":{"line":33,"column":4},"end":{"line":33,"column":57}},"21":{"start":{"line":33,"column":50},"end":{"line":33,"column":57}},"22":{"start":{"line":35,"column":21},"end":{"line":35,"column":48}},"23":{"start":{"line":36,"column":4},"end":{"line":36,"column":26}},"24":{"start":{"line":36,"column":19},"end":{"line":36,"column":26}},"25":{"start":{"line":38,"column":4},"end":{"line":38,"column":32}},"26":{"start":{"line":39,"column":4},"end":{"line":43,"column":7}},"27":{"start":{"line":40,"column":27},"end":{"line":40,"column":78}},"28":{"start":{"line":41,"column":6},"end":{"line":41,"column":49}},"29":{"start":{"line":42,"column":6},"end":{"line":42,"column":60}},"30":{"start":{"line":46,"column":2},"end":{"line":46,"column":38}},"31":{"start":{"line":50,"column":41},"end":{"line":54,"column":1}},"32":{"start":{"line":51,"column":2},"end":{"line":51,"column":67}},"33":{"start":{"line":51,"column":35},"end":{"line":51,"column":67}},"34":{"start":{"line":52,"column":2},"end":{"line":52,"column":60}},"35":{"start":{"line":52,"column":38},"end":{"line":52,"column":60}},"36":{"start":{"line":53,"column":2},"end":{"line":53,"column":34}},"37":{"start":{"line":57,"column":33},"end":{"line":64,"column":1}},"38":{"start":{"line":58,"column":2},"end":{"line":63,"column":3}},"39":{"start":{"line":59,"column":4},"end":{"line":59,"column":82}},"40":{"start":{"line":59,"column":40},"end":{"line":59,"column":82}},"41":{"start":{"line":60,"column":4},"end":{"line":60,"column":82}},"42":{"start":{"line":60,"column":40},"end":{"line":60,"column":82}},"43":{"start":{"line":61,"column":9},"end":{"line":63,"column":3}},"44":{"start":{"line":62,"column":4},"end":{"line":62,"column":86}},"45":{"start":{"line":62,"column":42},"end":{"line":62,"column":86}}},"fnMap":{"0":{"name":"(anonymous_0)","decl":{"start":{"line":2,"column":33},"end":{"line":2,"column":34}},"loc":{"start":{"line":2,"column":51},"end":{"line":6,"column":1}},"line":2},"1":{"name":"(anonymous_1)","decl":{"start":{"line":9,"column":30},"end":{"line":9,"column":31}},"loc":{"start":{"line":9,"column":42},"end":{"line":18,"column":1}},"line":9},"2":{"name":"(anonymous_2)","decl":{"start":{"line":21,"column":35},"end":{"line":21,"column":36}},"loc":{"start":{"line":21,"column":53},"end":{"line":25,"column":1}},"line":21},"3":{"name":"(anonymous_3)","decl":{"start":{"line":28,"column":46},"end":{"line":28,"column":47}},"loc":{"start":{"line":28,"column":76},"end":{"line":47,"column":1}},"line":28},"4":{"name":"(anonymous_4)","decl":{"start":{"line":32,"column":22},"end":{"line":32,"column":23}},"loc":{"start":{"line":32,"column":30},"end":{"line":44,"column":3}},"line":32},"5":{"name":"(anonymous_5)","decl":{"start":{"line":39,"column":49},"end":{"line":39,"column":50}},"loc":{"start":{"line":39,"column":67},"end":{"line":43,"column":5}},"line":39},"6":{"name":"(anonymous_6)","decl":{"start":{"line":50,"column":41},"end":{"line":50,"column":42}},"loc":{"start":{"line":50,"column":58},"end":{"line":54,"column":1}},"line":50},"7":{"name":"(anonymous_7)","decl":{"start":{"line":57,"column":33},"end":{"line":57,"column":34}},"loc":{"start":{"line":57,"column":94},"end":{"line":64,"column":1}},"line":57}},"branchMap":{"0":{"loc":{"start":{"line":3,"column":2},"end":{"line":3,"column":78}},"type":"if","locations":[{"start":{"line":3,"column":2},"end":{"line":3,"column":78}},{"start":{},"end":{}}],"line":3},"1":{"loc":{"start":{"line":3,"column":6},"end":{"line":3,"column":59}},"type":"binary-expr","locations":[{"start":{"line":3,"column":6},"end":{"line":3,"column":12}},{"start":{"line":3,"column":16},"end":{"line":3,"column":37}},{"start":{"line":3,"column":41},"end":{"line":3,"column":59}}],"line":3},"2":{"loc":{"start":{"line":4,"column":2},"end":{"line":4,"column":63}},"type":"if","locations":[{"start":{"line":4,"column":2},"end":{"line":4,"column":63}},{"start":{},"end":{}}],"line":4},"3":{"loc":{"start":{"line":4,"column":6},"end":{"line":4,"column":44}},"type":"binary-expr","locations":[{"start":{"line":4,"column":6},"end":{"line":4,"column":23}},{"start":{"line":4,"column":27},"end":{"line":4,"column":44}}],"line":4},"4":{"loc":{"start":{"line":10,"column":2},"end":{"line":17,"column":3}},"type":"switch","locations":[{"start":{"line":11,"column":4},"end":{"line":12,"column":84}},{"start":{"line":13,"column":4},"end":{"line":14,"column":88}},{"start":{"line":15,"column":4},"end":{"line":16,"column":84}}],"line":10},"5":{"loc":{"start":{"line":22,"column":2},"end":{"line":22,"column":88}},"type":"if","locations":[{"start":{"line":22,"column":2},"end":{"line":22,"column":88}},{"start":{},"end":{}}],"line":22},"6":{"loc":{"start":{"line":22,"column":6},"end":{"line":22,"column":77}},"type":"binary-expr","locations":[{"start":{"line":22,"column":6},"end":{"line":22,"column":12}},{"start":{"line":22,"column":16},"end":{"line":22,"column":37}},{"start":{"line":22,"column":41},"end":{"line":22,"column":59}},{"start":{"line":22,"column":63},"end":{"line":22,"column":77}}],"line":22},"7":{"loc":{"start":{"line":33,"column":4},"end":{"line":33,"column":57}},"type":"if","locations":[{"start":{"line":33,"column":4},"end":{"line":33,"column":57}},{"start":{},"end":{}}],"line":33},"8":{"loc":{"start":{"line":33,"column":8},"end":{"line":33,"column":48}},"type":"binary-expr","locations":[{"start":{"line":33,"column":8},"end":{"line":33,"column":20}},{"start":{"line":33,"column":24},"end":{"line":33,"column":48}}],"line":33},"9":{"loc":{"start":{"line":36,"column":4},"end":{"line":36,"column":26}},"type":"if","locations":[{"start":{"line":36,"column":4},"end":{"line":36,"column":26}},{"start":{},"end":{}}],"line":36},"10":{"loc":{"start":{"line":42,"column":24},"end":{"line":42,"column":43}},"type":"binary-expr","locations":[{"start":{"line":42,"column":24},"end":{"line":42,"column":38}},{"start":{"line":42,"column":42},"end":{"line":42,"column":43}}],"line":42},"11":{"loc":{"start":{"line":51,"column":2},"end":{"line":51,"column":67}},"type":"if","locations":[{"start":{"line":51,"column":2},"end":{"line":51,"column":67}},{"start":{},"end":{}}],"line":51},"12":{"loc":{"start":{"line":52,"column":2},"end":{"line":52,"column":60}},"type":"if","locations":[{"start":{"line":52,"column":2},"end":{"line":52,"column":60}},{"start":{},"end":{}}],"line":52},"13":{"loc":{"start":{"line":58,"column":2},"end":{"line":63,"column":3}},"type":"if","locations":[{"start":{"line":58,"column":2},"end":{"line":63,"column":3}},{"start":{"line":61,"column":9},"end":{"line":63,"column":3}}],"line":58},"14":{"loc":{"start":{"line":59,"column":4},"end":{"line":59,"column":82}},"type":"if","locations":[{"start":{"line":59,"column":4},"end":{"line":59,"column":82}},{"start":{},"end":{}}],"line":59},"15":{"loc":{"start":{"line":60,"column":4},"end":{"line":60,"column":82}},"type":"if","locations":[{"start":{"line":60,"column":4},"end":{"line":60,"column":82}},{"start":{},"end":{}}],"line":60},"16":{"loc":{"start":{"line":61,"column":9},"end":{"line":63,"column":3}},"type":"if","locations":[{"start":{"line":61,"column":9},"end":{"line":63,"column":3}},{"start":{},"end":{}}],"line":61},"17":{"loc":{"start":{"line":62,"column":4},"end":{"line":62,"column":86}},"type":"if","locations":[{"start":{"line":62,"column":4},"end":{"line":62,"column":86}},{"start":{},"end":{}}],"line":62}},"s":{"0":0,"1":0,"2":0,"3":0,"4":0,"5":0,"6":0,"7":0,"8":0,"9":0,"10":0,"11":0,"12":0,"13":0,"14":0,"15":0,"16":0,"17":0,"18":0,"19":0,"20":0,"21":0,"22":0,"23":0,"24":0,"25":0,"26":0,"27":0,"28":0,"29":0,"30":0,"31":0,"32":0,"33":0,"34":0,"35":0,"36":0,"37":0,"38":0,"39":0,"40":0,"41":0,"42":0,"43":0,"44":0,"45":0},"f":{"0":0,"1":0,"2":0,"3":0,"4":0,"5":0,"6":0,"7":0},"b":{"0":[0,0],"1":[0,0,0],"2":[0,0],"3":[0,0],"4":[0,0,0],"5":[0,0],"6":[0,0,0,0],"7":[0,0],"8":[0,0],"9":[0,0],"10":[0,0],"11":[0,0],"12":[0,0],"13":[0,0],"14":[0,0],"15":[0,0],"16":[0,0],"17":[0,0]}}
}
